Base path: C:/Program Files/Unity 5.4.2f2-GVR13/Editor/Data
Cmd: getPlatforms
Cmd: disassembleShader
  api=5 insize=7749 outsize=7749 ok=1
Cmd: disassembleShader
  api=4 insize=9200 outsize=9200 ok=1
Cmd: disassembleShader
  api=5 insize=9441 outsize=9441 ok=1
Cmd: disassembleShader
  api=5 insize=8150 outsize=8150 ok=1
Cmd: disassembleShader
  api=4 insize=9664 outsize=9664 ok=1
Cmd: disassembleShader
  api=4 insize=11536 outsize=11536 ok=1
Cmd: disassembleShader
  api=5 insize=6774 outsize=6774 ok=1
Cmd: disassembleShader
  api=4 insize=8761 outsize=8761 ok=1
Cmd: disassembleShader
  api=4 insize=9355 outsize=9355 ok=1
Cmd: disassembleShader
  api=5 insize=7175 outsize=7175 ok=1
Cmd: disassembleShader
  api=4 insize=9260 outsize=9260 ok=1
Cmd: disassembleShader
  api=4 insize=9978 outsize=9978 ok=1
Cmd: disassembleShader
  api=5 insize=7919 outsize=7919 ok=1
Cmd: disassembleShader
  api=4 insize=9380 outsize=9380 ok=1
Cmd: disassembleShader
  api=4 insize=11128 outsize=11128 ok=1
Cmd: disassembleShader
  api=5 insize=8320 outsize=8320 ok=1
Cmd: disassembleShader
  api=4 insize=9879 outsize=9879 ok=1
Cmd: disassembleShader
  api=4 insize=11751 outsize=11751 ok=1
Cmd: disassembleShader
  api=5 insize=6944 outsize=6944 ok=1
Cmd: disassembleShader
  api=4 insize=8976 outsize=8976 ok=1
Cmd: disassembleShader
  api=4 insize=9570 outsize=9570 ok=1
Cmd: disassembleShader
  api=5 insize=7345 outsize=7345 ok=1
Cmd: disassembleShader
  api=4 insize=9475 outsize=9475 ok=1
Cmd: disassembleShader
  api=4 insize=10193 outsize=10193 ok=1
Cmd: disassembleShader
  api=5 insize=6103 outsize=6103 ok=1
Cmd: disassembleShader
  api=4 insize=8468 outsize=8468 ok=1
Cmd: disassembleShader
  api=4 insize=9030 outsize=9030 ok=1
Cmd: disassembleShader
  api=5 insize=6504 outsize=6504 ok=1
Cmd: disassembleShader
  api=4 insize=8997 outsize=8997 ok=1
Cmd: disassembleShader
  api=4 insize=9653 outsize=9653 ok=1
Cmd: disassembleShader
  api=5 insize=8052 outsize=8052 ok=1
Cmd: disassembleShader
  api=4 insize=9400 outsize=9400 ok=1
Cmd: disassembleShader
  api=4 insize=11208 outsize=11208 ok=1
Cmd: disassembleShader
  api=5 insize=8453 outsize=8453 ok=1
Cmd: disassembleShader
  api=4 insize=9899 outsize=9899 ok=1
Cmd: disassembleShader
  api=4 insize=11831 outsize=11831 ok=1
Cmd: disassembleShader
  api=5 insize=7769 outsize=7769 ok=1
Cmd: disassembleShader
  api=4 insize=9239 outsize=9239 ok=1
Cmd: disassembleShader
  api=4 insize=10962 outsize=10962 ok=1
Cmd: disassembleShader
  api=5 insize=8170 outsize=8170 ok=1
Cmd: disassembleShader
  api=4 insize=9738 outsize=9738 ok=1
Cmd: disassembleShader
  api=4 insize=11473 outsize=11473 ok=1
Cmd: disassembleShader
  api=5 insize=6794 outsize=6794 ok=1
Cmd: disassembleShader
  api=4 insize=8799 outsize=8799 ok=1
Cmd: disassembleShader
  api=4 insize=9429 outsize=9429 ok=1
Cmd: disassembleShader
  api=5 insize=7195 outsize=7195 ok=1
Cmd: disassembleShader
  api=4 insize=9300 outsize=9300 ok=1
Cmd: disassembleShader
  api=4 insize=9895 outsize=9895 ok=1
Cmd: disassembleShader
  api=5 insize=6964 outsize=6964 ok=1
Cmd: disassembleShader
  api=4 insize=9016 outsize=9016 ok=1
Cmd: disassembleShader
  api=4 insize=9644 outsize=9644 ok=1
Cmd: disassembleShader
  api=5 insize=7365 outsize=7365 ok=1
Cmd: disassembleShader
  api=4 insize=9515 outsize=9515 ok=1
Cmd: disassembleShader
  api=4 insize=10110 outsize=10110 ok=1
Cmd: disassembleShader
  api=5 insize=6123 outsize=6123 ok=1
Cmd: disassembleShader
  api=4 insize=8541 outsize=8541 ok=1
Cmd: disassembleShader
  api=4 insize=9035 outsize=9035 ok=1
Cmd: disassembleShader
  api=5 insize=6524 outsize=6524 ok=1
Cmd: disassembleShader
  api=4 insize=9068 outsize=9068 ok=1
Cmd: disassembleShader
  api=4 insize=9503 outsize=9503 ok=1
Cmd: disassembleShader
  api=5 insize=7880 outsize=7880 ok=1
Cmd: disassembleShader
  api=4 insize=9286 outsize=9286 ok=1
Cmd: disassembleShader
  api=4 insize=10959 outsize=10959 ok=1
Cmd: disassembleShader
  api=5 insize=8281 outsize=8281 ok=1
Cmd: disassembleShader
  api=4 insize=9787 outsize=9787 ok=1
Cmd: disassembleShader
  api=4 insize=11582 outsize=11582 ok=1
Cmd: disassembleShader
  api=5 insize=7946 outsize=7946 ok=1
Cmd: disassembleShader
  api=4 insize=9339 outsize=9339 ok=1
Cmd: disassembleShader
  api=4 insize=11048 outsize=11048 ok=1
Cmd: disassembleShader
  api=5 insize=8347 outsize=8347 ok=1
Cmd: disassembleShader
  api=4 insize=9840 outsize=9840 ok=1
Cmd: disassembleShader
  api=4 insize=11671 outsize=11671 ok=1
Cmd: disassembleShader
  api=5 insize=8116 outsize=8116 ok=1
Cmd: disassembleShader
  api=4 insize=9554 outsize=9554 ok=1
Cmd: disassembleShader
  api=4 insize=11285 outsize=11285 ok=1
Cmd: disassembleShader
  api=5 insize=8517 outsize=8517 ok=1
Cmd: disassembleShader
  api=4 insize=10055 outsize=10055 ok=1
Cmd: disassembleShader
  api=4 insize=11908 outsize=11908 ok=1
Cmd: disassembleShader
  api=5 insize=0 outsize=43 ok=1
Cmd: disassembleShader
  api=4 insize=0 outsize=44 ok=1
Cmd: disassembleShader
  api=4 insize=0 outsize=44 ok=1
Cmd: disassembleShader
  api=5 insize=0 outsize=43 ok=1
Cmd: disassembleShader
  api=4 insize=0 outsize=44 ok=1
Cmd: disassembleShader
  api=4 insize=0 outsize=44 ok=1
Cmd: disassembleShader
  api=5 insize=0 outsize=43 ok=1
Cmd: disassembleShader
  api=4 insize=0 outsize=44 ok=1
Cmd: disassembleShader
  api=4 insize=0 outsize=44 ok=1
Cmd: disassembleShader
  api=5 insize=0 outsize=43 ok=1
Cmd: disassembleShader
  api=4 insize=0 outsize=44 ok=1
Cmd: disassembleShader
  api=4 insize=0 outsize=44 ok=1
Cmd: disassembleShader
  api=5 insize=0 outsize=43 ok=1
Cmd: disassembleShader
  api=4 insize=0 outsize=44 ok=1
Cmd: disassembleShader
  api=4 insize=0 outsize=44 ok=1
Cmd: disassembleShader
  api=5 insize=0 outsize=43 ok=1
Cmd: disassembleShader
  api=4 insize=0 outsize=44 ok=1
Cmd: disassembleShader
  api=4 insize=0 outsize=44 ok=1
Cmd: disassembleShader
  api=5 insize=0 outsize=43 ok=1
Cmd: disassembleShader
  api=4 insize=0 outsize=44 ok=1
Cmd: disassembleShader
  api=4 insize=0 outsize=44 ok=1
Cmd: disassembleShader
  api=5 insize=0 outsize=43 ok=1
Cmd: disassembleShader
  api=4 insize=0 outsize=44 ok=1
Cmd: disassembleShader
  api=4 insize=0 outsize=44 ok=1
Cmd: disassembleShader
  api=5 insize=0 outsize=43 ok=1
Cmd: disassembleShader
  api=4 insize=0 outsize=44 ok=1
Cmd: disassembleShader
  api=4 insize=0 outsize=44 ok=1
Cmd: disassembleShader
  api=5 insize=0 outsize=43 ok=1
Cmd: disassembleShader
  api=4 insize=0 outsize=44 ok=1
Cmd: disassembleShader
  api=4 insize=0 outsize=44 ok=1
Cmd: disassembleShader
  api=5 insize=0 outsize=43 ok=1
Cmd: disassembleShader
  api=4 insize=0 outsize=44 ok=1
Cmd: disassembleShader
  api=4 insize=0 outsize=44 ok=1
Cmd: disassembleShader
  api=5 insize=0 outsize=43 ok=1
Cmd: disassembleShader
  api=4 insize=0 outsize=44 ok=1
Cmd: disassembleShader
  api=4 insize=0 outsize=44 ok=1
Cmd: disassembleShader
  api=5 insize=0 outsize=43 ok=1
Cmd: disassembleShader
  api=4 insize=0 outsize=44 ok=1
Cmd: disassembleShader
  api=4 insize=0 outsize=44 ok=1
Cmd: disassembleShader
  api=4 insize=5907 outsize=5907 ok=1
Cmd: disassembleShader
  api=4 insize=6157 outsize=6157 ok=1
Cmd: disassembleShader
  api=5 insize=4746 outsize=4746 ok=1
Cmd: disassembleShader
  api=5 insize=5279 outsize=5279 ok=1
Cmd: disassembleShader
  api=4 insize=8628 outsize=8628 ok=1
Cmd: disassembleShader
  api=5 insize=4994 outsize=4994 ok=1
Cmd: disassembleShader
  api=5 insize=6385 outsize=6385 ok=1
Cmd: disassembleShader
  api=4 insize=8292 outsize=8292 ok=1
Cmd: disassembleShader
  api=5 insize=6557 outsize=6557 ok=1
Cmd: disassembleShader
  api=5 insize=7716 outsize=7716 ok=1
Cmd: disassembleShader
  api=4 insize=7753 outsize=7753 ok=1
Cmd: disassembleShader
  api=5 insize=5114 outsize=5114 ok=1
Cmd: disassembleShader
  api=5 insize=6063 outsize=6063 ok=1
Cmd: disassembleShader
  api=4 insize=7528 outsize=7528 ok=1
Cmd: disassembleShader
  api=5 insize=4918 outsize=4918 ok=1
Cmd: disassembleShader
  api=5 insize=6309 outsize=6309 ok=1
Cmd: disassembleShader
  api=4 insize=8612 outsize=8612 ok=1
Cmd: disassembleShader
  api=5 insize=6802 outsize=6802 ok=1
Cmd: disassembleShader
  api=5 insize=7965 outsize=7965 ok=1
Cmd: disassembleShader
  api=4 insize=9783 outsize=9783 ok=1
Cmd: disassembleShader
  api=5 insize=3483 outsize=3483 ok=1
Cmd: disassembleShader
  api=5 insize=4574 outsize=4574 ok=1
Cmd: disassembleShader
  api=4 insize=5511 outsize=5511 ok=1
Cmd: disassembleShader
  api=5 insize=4896 outsize=4896 ok=1
Cmd: disassembleShader
  api=5 insize=4421 outsize=4421 ok=1
Cmd: disassembleShader
  api=4 insize=5950 outsize=5950 ok=1
Cmd: disassembleShader
  api=5 insize=4947 outsize=4947 ok=1
Cmd: disassembleShader
  api=5 insize=6343 outsize=6343 ok=1
Cmd: disassembleShader
  api=4 insize=7160 outsize=7160 ok=1
Cmd: disassembleShader
  api=5 insize=4351 outsize=4351 ok=1
Cmd: disassembleShader
  api=5 insize=4130 outsize=4130 ok=1
Cmd: disassembleShader
  api=4 insize=6258 outsize=6258 ok=1
Cmd: disassembleShader
  api=5 insize=4107 outsize=4107 ok=1
Cmd: disassembleShader
  api=5 insize=5655 outsize=5655 ok=1
Cmd: disassembleShader
  api=4 insize=5873 outsize=5873 ok=1
Cmd: disassembleShader
  api=5 insize=5098 outsize=5098 ok=1
Cmd: disassembleShader
  api=5 insize=5650 outsize=5650 ok=1
Cmd: disassembleShader
  api=4 insize=7868 outsize=7868 ok=1
Cmd: disassembleShader
  api=5 insize=6439 outsize=6439 ok=1
Cmd: disassembleShader
  api=5 insize=5548 outsize=5548 ok=1
Cmd: disassembleShader
  api=4 insize=6129 outsize=6129 ok=1
Cmd: disassembleShader
  api=5 insize=4766 outsize=4766 ok=1
Cmd: disassembleShader
  api=5 insize=5299 outsize=5299 ok=1
Cmd: disassembleShader
  api=4 insize=8625 outsize=8625 ok=1
Cmd: disassembleShader
  api=5 insize=5014 outsize=5014 ok=1
Cmd: disassembleShader
  api=5 insize=6457 outsize=6457 ok=1
Cmd: disassembleShader
  api=4 insize=8345 outsize=8345 ok=1
Cmd: disassembleShader
  api=5 insize=6632 outsize=6632 ok=1
Cmd: disassembleShader
  api=5 insize=7788 outsize=7788 ok=1
Cmd: disassembleShader
  api=4 insize=7699 outsize=7699 ok=1
Cmd: disassembleShader
  api=5 insize=5134 outsize=5134 ok=1
Cmd: disassembleShader
  api=5 insize=6083 outsize=6083 ok=1
Cmd: disassembleShader
  api=4 insize=7473 outsize=7473 ok=1
Cmd: disassembleShader
  api=5 insize=4938 outsize=4938 ok=1
Cmd: disassembleShader
  api=5 insize=6329 outsize=6329 ok=1
Cmd: disassembleShader
  api=4 insize=8563 outsize=8563 ok=1
Cmd: disassembleShader
  api=5 insize=6874 outsize=6874 ok=1
Cmd: disassembleShader
  api=5 insize=8037 outsize=8037 ok=1
Cmd: disassembleShader
  api=4 insize=9713 outsize=9713 ok=1
Cmd: disassembleShader
  api=5 insize=3503 outsize=3503 ok=1
Cmd: disassembleShader
  api=5 insize=4594 outsize=4594 ok=1
Cmd: disassembleShader
  api=4 insize=5644 outsize=5644 ok=1
Cmd: disassembleShader
  api=5 insize=4969 outsize=4969 ok=1
Cmd: disassembleShader
  api=5 insize=4441 outsize=4441 ok=1
Cmd: disassembleShader
  api=4 insize=6068 outsize=6068 ok=1
Cmd: disassembleShader
  api=5 insize=5020 outsize=5020 ok=1
Cmd: disassembleShader
  api=5 insize=6415 outsize=6415 ok=1
Cmd: disassembleShader
  api=4 insize=7234 outsize=7234 ok=1
Cmd: disassembleShader
  api=5 insize=4371 outsize=4371 ok=1
Cmd: disassembleShader
  api=5 insize=4150 outsize=4150 ok=1
Cmd: disassembleShader
  api=4 insize=6243 outsize=6243 ok=1
Cmd: disassembleShader
  api=5 insize=4127 outsize=4127 ok=1
Cmd: disassembleShader
  api=5 insize=5727 outsize=5727 ok=1
Cmd: disassembleShader
  api=4 insize=5846 outsize=5846 ok=1
Cmd: disassembleShader
  api=5 insize=5171 outsize=5171 ok=1
Cmd: disassembleShader
  api=5 insize=5722 outsize=5722 ok=1
Cmd: disassembleShader
  api=4 insize=7833 outsize=7833 ok=1
Cmd: disassembleShader
  api=5 insize=6514 outsize=6514 ok=1
Cmd: disassembleShader
  api=5 insize=5703 outsize=5703 ok=1
Cmd: disassembleShader
  api=4 insize=6243 outsize=6243 ok=1
Cmd: disassembleShader
  api=5 insize=4917 outsize=4917 ok=1
Cmd: disassembleShader
  api=5 insize=5452 outsize=5452 ok=1
Cmd: disassembleShader
  api=4 insize=8739 outsize=8739 ok=1
Cmd: disassembleShader
  api=5 insize=5165 outsize=5165 ok=1
Cmd: disassembleShader
  api=5 insize=6649 outsize=6649 ok=1
Cmd: disassembleShader
  api=4 insize=8459 outsize=8459 ok=1
Cmd: disassembleShader
  api=5 insize=6813 outsize=6813 ok=1
Cmd: disassembleShader
  api=5 insize=7980 outsize=7980 ok=1
Cmd: disassembleShader
  api=4 insize=7862 outsize=7862 ok=1
Cmd: disassembleShader
  api=5 insize=5285 outsize=5285 ok=1
Cmd: disassembleShader
  api=5 insize=6234 outsize=6234 ok=1
Cmd: disassembleShader
  api=4 insize=7637 outsize=7637 ok=1
Cmd: disassembleShader
  api=5 insize=5089 outsize=5089 ok=1
Cmd: disassembleShader
  api=5 insize=6480 outsize=6480 ok=1
Cmd: disassembleShader
  api=4 insize=8783 outsize=8783 ok=1
Cmd: disassembleShader
  api=5 insize=7055 outsize=7055 ok=1
Cmd: disassembleShader
  api=5 insize=8229 outsize=8229 ok=1
Cmd: disassembleShader
  api=4 insize=9909 outsize=9909 ok=1
Cmd: disassembleShader
  api=5 insize=4221 outsize=4221 ok=1
Cmd: disassembleShader
  api=5 insize=5961 outsize=5961 ok=1
Cmd: disassembleShader
  api=4 insize=7655 outsize=7655 ok=1
Cmd: disassembleShader
  api=5 insize=5731 outsize=5731 ok=1
Cmd: disassembleShader
  api=5 insize=5763 outsize=5763 ok=1
Cmd: disassembleShader
  api=4 insize=8121 outsize=8121 ok=1
Cmd: disassembleShader
  api=5 insize=5783 outsize=5783 ok=1
Cmd: disassembleShader
  api=5 insize=7887 outsize=7887 ok=1
Cmd: disassembleShader
  api=4 insize=9335 outsize=9335 ok=1
Cmd: disassembleShader
  api=5 insize=5060 outsize=5060 ok=1
Cmd: disassembleShader
  api=5 insize=5465 outsize=5465 ok=1
Cmd: disassembleShader
  api=4 insize=8414 outsize=8414 ok=1
Cmd: disassembleShader
  api=5 insize=4813 outsize=4813 ok=1
Cmd: disassembleShader
  api=5 insize=7199 outsize=7199 ok=1
Cmd: disassembleShader
  api=4 insize=8003 outsize=8003 ok=1
Cmd: disassembleShader
  api=5 insize=5899 outsize=5899 ok=1
Cmd: disassembleShader
  api=5 insize=7194 outsize=7194 ok=1
Cmd: disassembleShader
  api=4 insize=10024 outsize=10024 ok=1
Cmd: disassembleShader
  api=5 insize=7246 outsize=7246 ok=1
Cmd: disassembleShader
  api=4 insize=0 outsize=44 ok=1
Cmd: disassembleShader
  api=4 insize=0 outsize=44 ok=1
Cmd: disassembleShader
  api=5 insize=0 outsize=43 ok=1
Cmd: disassembleShader
  api=5 insize=0 outsize=43 ok=1
Cmd: disassembleShader
  api=4 insize=0 outsize=44 ok=1
Cmd: disassembleShader
  api=5 insize=0 outsize=43 ok=1
Cmd: disassembleShader
  api=5 insize=0 outsize=43 ok=1
Cmd: disassembleShader
  api=4 insize=0 outsize=44 ok=1
Cmd: disassembleShader
  api=5 insize=0 outsize=43 ok=1
Cmd: disassembleShader
  api=5 insize=0 outsize=43 ok=1
Cmd: disassembleShader
  api=4 insize=0 outsize=44 ok=1
Cmd: disassembleShader
  api=5 insize=0 outsize=43 ok=1
Cmd: disassembleShader
  api=5 insize=0 outsize=43 ok=1
Cmd: disassembleShader
  api=4 insize=0 outsize=44 ok=1
Cmd: disassembleShader
  api=5 insize=0 outsize=43 ok=1
Cmd: disassembleShader
  api=5 insize=0 outsize=43 ok=1
Cmd: disassembleShader
  api=4 insize=0 outsize=44 ok=1
Cmd: disassembleShader
  api=5 insize=0 outsize=43 ok=1
Cmd: disassembleShader
  api=5 insize=0 outsize=43 ok=1
Cmd: disassembleShader
  api=4 insize=0 outsize=44 ok=1
Cmd: disassembleShader
  api=5 insize=0 outsize=43 ok=1
Cmd: disassembleShader
  api=5 insize=0 outsize=43 ok=1
Cmd: disassembleShader
  api=4 insize=0 outsize=44 ok=1
Cmd: disassembleShader
  api=5 insize=0 outsize=43 ok=1
Cmd: disassembleShader
  api=5 insize=0 outsize=43 ok=1
Cmd: disassembleShader
  api=4 insize=0 outsize=44 ok=1
Cmd: disassembleShader
  api=5 insize=0 outsize=43 ok=1
Cmd: disassembleShader
  api=5 insize=0 outsize=43 ok=1
Cmd: disassembleShader
  api=4 insize=0 outsize=44 ok=1
Cmd: disassembleShader
  api=5 insize=0 outsize=43 ok=1
Cmd: disassembleShader
  api=5 insize=0 outsize=43 ok=1
Cmd: disassembleShader
  api=4 insize=0 outsize=44 ok=1
Cmd: disassembleShader
  api=5 insize=0 outsize=43 ok=1
Cmd: disassembleShader
  api=5 insize=0 outsize=43 ok=1
Cmd: disassembleShader
  api=4 insize=0 outsize=44 ok=1
Cmd: disassembleShader
  api=5 insize=0 outsize=43 ok=1
Cmd: disassembleShader
  api=5 insize=0 outsize=43 ok=1
Cmd: disassembleShader
  api=4 insize=0 outsize=44 ok=1
Cmd: disassembleShader
  api=5 insize=0 outsize=43 ok=1
Cmd: disassembleShader
  api=5 insize=0 outsize=43 ok=1
Cmd: disassembleShader
  api=4 insize=0 outsize=44 ok=1
Cmd: disassembleShader
  api=5 insize=0 outsize=43 ok=1
Cmd: disassembleShader
  api=5 insize=0 outsize=43 ok=1
Cmd: disassembleShader
  api=4 insize=0 outsize=44 ok=1
Cmd: disassembleShader
  api=5 insize=0 outsize=43 ok=1
Cmd: disassembleShader
  api=5 insize=0 outsize=43 ok=1
Cmd: disassembleShader
  api=4 insize=0 outsize=44 ok=1
Cmd: disassembleShader
  api=5 insize=0 outsize=43 ok=1
Cmd: disassembleShader
  api=5 insize=0 outsize=43 ok=1
Cmd: disassembleShader
  api=4 insize=0 outsize=44 ok=1
Cmd: disassembleShader
  api=5 insize=0 outsize=43 ok=1
Cmd: disassembleShader
  api=5 insize=0 outsize=43 ok=1
Cmd: disassembleShader
  api=4 insize=0 outsize=44 ok=1
Cmd: disassembleShader
  api=5 insize=0 outsize=43 ok=1
Cmd: disassembleShader
  api=5 insize=0 outsize=43 ok=1
Cmd: disassembleShader
  api=4 insize=0 outsize=44 ok=1
Cmd: disassembleShader
  api=5 insize=0 outsize=43 ok=1
Cmd: disassembleShader
  api=5 insize=0 outsize=43 ok=1
Cmd: disassembleShader
  api=4 insize=0 outsize=44 ok=1
Cmd: disassembleShader
  api=5 insize=0 outsize=43 ok=1
Cmd: disassembleShader
  api=5 insize=0 outsize=43 ok=1
Cmd: disassembleShader
  api=4 insize=0 outsize=44 ok=1
Cmd: disassembleShader
  api=5 insize=0 outsize=43 ok=1
Cmd: disassembleShader
  api=5 insize=0 outsize=43 ok=1
Cmd: disassembleShader
  api=4 insize=0 outsize=44 ok=1
Cmd: disassembleShader
  api=5 insize=0 outsize=43 ok=1
Cmd: disassembleShader
  api=5 insize=0 outsize=43 ok=1
Cmd: disassembleShader
  api=4 insize=0 outsize=44 ok=1
Cmd: disassembleShader
  api=5 insize=0 outsize=43 ok=1
Cmd: disassembleShader
  api=5 insize=0 outsize=43 ok=1
Cmd: disassembleShader
  api=4 insize=0 outsize=44 ok=1
Cmd: disassembleShader
  api=5 insize=0 outsize=43 ok=1
Cmd: disassembleShader
  api=5 insize=0 outsize=43 ok=1
Cmd: disassembleShader
  api=4 insize=0 outsize=44 ok=1
Cmd: disassembleShader
  api=5 insize=0 outsize=43 ok=1
Cmd: disassembleShader
  api=5 insize=0 outsize=43 ok=1
Cmd: disassembleShader
  api=4 insize=0 outsize=44 ok=1
Cmd: disassembleShader
  api=5 insize=0 outsize=43 ok=1
Cmd: disassembleShader
  api=5 insize=0 outsize=43 ok=1
Cmd: disassembleShader
  api=4 insize=0 outsize=44 ok=1
Cmd: disassembleShader
  api=5 insize=0 outsize=43 ok=1
Cmd: disassembleShader
  api=5 insize=0 outsize=43 ok=1
Cmd: disassembleShader
  api=4 insize=0 outsize=44 ok=1
Cmd: disassembleShader
  api=5 insize=0 outsize=43 ok=1
Cmd: disassembleShader
  api=5 insize=0 outsize=43 ok=1
Cmd: disassembleShader
  api=4 insize=0 outsize=44 ok=1
Cmd: disassembleShader
  api=5 insize=0 outsize=43 ok=1
Cmd: disassembleShader
  api=5 insize=0 outsize=43 ok=1
Cmd: disassembleShader
  api=4 insize=0 outsize=44 ok=1
Cmd: disassembleShader
  api=5 insize=0 outsize=43 ok=1
Cmd: disassembleShader
  api=5 insize=0 outsize=43 ok=1
Cmd: disassembleShader
  api=4 insize=0 outsize=44 ok=1
Cmd: disassembleShader
  api=5 insize=0 outsize=43 ok=1
Cmd: disassembleShader
  api=5 insize=0 outsize=43 ok=1
Cmd: disassembleShader
  api=4 insize=0 outsize=44 ok=1
Cmd: disassembleShader
  api=5 insize=0 outsize=43 ok=1
Cmd: disassembleShader
  api=5 insize=0 outsize=43 ok=1
Cmd: disassembleShader
  api=4 insize=0 outsize=44 ok=1
Cmd: disassembleShader
  api=5 insize=0 outsize=43 ok=1
Cmd: disassembleShader
  api=5 insize=0 outsize=43 ok=1
Cmd: disassembleShader
  api=4 insize=0 outsize=44 ok=1
Cmd: disassembleShader
  api=5 insize=0 outsize=43 ok=1
Cmd: disassembleShader
  api=5 insize=0 outsize=43 ok=1
Cmd: disassembleShader
  api=4 insize=0 outsize=44 ok=1
Cmd: disassembleShader
  api=5 insize=0 outsize=43 ok=1
Cmd: disassembleShader
  api=5 insize=0 outsize=43 ok=1
Cmd: disassembleShader
  api=4 insize=0 outsize=44 ok=1
Cmd: disassembleShader
  api=5 insize=0 outsize=43 ok=1
Cmd: disassembleShader
  api=5 insize=0 outsize=43 ok=1
Cmd: disassembleShader
  api=4 insize=0 outsize=44 ok=1
Cmd: disassembleShader
  api=5 insize=0 outsize=43 ok=1
Cmd: disassembleShader
  api=5 insize=0 outsize=43 ok=1
Cmd: disassembleShader
  api=4 insize=0 outsize=44 ok=1
Cmd: disassembleShader
  api=5 insize=0 outsize=43 ok=1
Cmd: disassembleShader
  api=5 insize=0 outsize=43 ok=1
Cmd: disassembleShader
  api=4 insize=0 outsize=44 ok=1
Cmd: disassembleShader
  api=5 insize=0 outsize=43 ok=1
Cmd: disassembleShader
  api=4 insize=3372 outsize=3372 ok=1
Cmd: disassembleShader
  api=4 insize=1688 outsize=1688 ok=1
Cmd: disassembleShader
  api=5 insize=1439 outsize=1439 ok=1
Cmd: disassembleShader
  api=4 insize=3983 outsize=3983 ok=1
Cmd: disassembleShader
  api=4 insize=2299 outsize=2299 ok=1
Cmd: disassembleShader
  api=5 insize=0 outsize=43 ok=1
Cmd: disassembleShader
  api=4 insize=0 outsize=44 ok=1
Cmd: disassembleShader
  api=5 insize=0 outsize=43 ok=1
Cmd: disassembleShader
  api=5 insize=0 outsize=43 ok=1
Cmd: disassembleShader
  api=4 insize=0 outsize=44 ok=1
Cmd: disassembleShader
  api=4 insize=6061 outsize=6061 ok=1
Cmd: disassembleShader
  api=5 insize=5576 outsize=5576 ok=1
Cmd: disassembleShader
  api=5 insize=5656 outsize=5656 ok=1
Cmd: disassembleShader
  api=4 insize=6297 outsize=6297 ok=1
Cmd: disassembleShader
  api=5 insize=5314 outsize=5314 ok=1
Cmd: disassembleShader
  api=5 insize=5656 outsize=5656 ok=1
Cmd: disassembleShader
  api=4 insize=6121 outsize=6121 ok=1
Cmd: disassembleShader
  api=5 insize=5630 outsize=5630 ok=1
Cmd: disassembleShader
  api=5 insize=6999 outsize=6999 ok=1
Cmd: disassembleShader
  api=4 insize=6763 outsize=6763 ok=1
Cmd: disassembleShader
  api=5 insize=7181 outsize=7181 ok=1
Cmd: disassembleShader
  api=5 insize=7282 outsize=7282 ok=1
Cmd: disassembleShader
  api=4 insize=6763 outsize=6763 ok=1
Cmd: disassembleShader
  api=5 insize=7181 outsize=7181 ok=1
Cmd: disassembleShader
  api=5 insize=7047 outsize=7047 ok=1
Cmd: disassembleShader
  api=4 insize=6834 outsize=6834 ok=1
Cmd: disassembleShader
  api=5 insize=6919 outsize=6919 ok=1
Cmd: disassembleShader
  api=5 insize=6999 outsize=6999 ok=1
Cmd: disassembleShader
  api=4 insize=6978 outsize=6978 ok=1
Cmd: disassembleShader
  api=5 insize=7202 outsize=7202 ok=1
Cmd: disassembleShader
  api=5 insize=6999 outsize=6999 ok=1
Cmd: disassembleShader
  api=4 insize=6763 outsize=6763 ok=1
Cmd: disassembleShader
  api=5 insize=6967 outsize=6967 ok=1
Cmd: disassembleShader
  api=5 insize=7053 outsize=7053 ok=1
Cmd: disassembleShader
  api=4 insize=7049 outsize=7049 ok=1
Cmd: disassembleShader
  api=5 insize=5385 outsize=5385 ok=1
Cmd: disassembleShader
  api=5 insize=5576 outsize=5576 ok=1
Cmd: disassembleShader
  api=4 insize=6230 outsize=6230 ok=1
Cmd: disassembleShader
  api=5 insize=5385 outsize=5385 ok=1
Cmd: disassembleShader
  api=5 insize=5385 outsize=5385 ok=1
Cmd: disassembleShader
  api=4 insize=6230 outsize=6230 ok=1
Cmd: disassembleShader
  api=5 insize=5439 outsize=5439 ok=1
Cmd: disassembleShader
  api=5 insize=5630 outsize=5630 ok=1
Cmd: disassembleShader
  api=4 insize=6717 outsize=6717 ok=1
Cmd: disassembleShader
  api=5 insize=7101 outsize=7101 ok=1
Cmd: disassembleShader
  api=5 insize=7181 outsize=7181 ok=1
Cmd: disassembleShader
  api=4 insize=6953 outsize=6953 ok=1
Cmd: disassembleShader
  api=5 insize=6990 outsize=6990 ok=1
Cmd: disassembleShader
  api=5 insize=7181 outsize=7181 ok=1
Cmd: disassembleShader
  api=4 insize=6777 outsize=6777 ok=1
Cmd: disassembleShader
  api=5 insize=7155 outsize=7155 ok=1
Cmd: disassembleShader
  api=5 insize=6990 outsize=6990 ok=1
Cmd: disassembleShader
  api=4 insize=6717 outsize=6717 ok=1
Cmd: disassembleShader
  api=5 insize=7101 outsize=7101 ok=1
Cmd: disassembleShader
  api=5 insize=7202 outsize=7202 ok=1
Cmd: disassembleShader
  api=4 insize=6717 outsize=6717 ok=1
Cmd: disassembleShader
  api=5 insize=7101 outsize=7101 ok=1
Cmd: disassembleShader
  api=5 insize=7038 outsize=7038 ok=1
Cmd: disassembleShader
  api=4 insize=6788 outsize=6788 ok=1
Cmd: disassembleShader
  api=5 insize=0 outsize=43 ok=1
Cmd: disassembleShader
  api=4 insize=0 outsize=44 ok=1
Cmd: disassembleShader
  api=4 insize=0 outsize=44 ok=1
Cmd: disassembleShader
  api=5 insize=0 outsize=43 ok=1
Cmd: disassembleShader
  api=4 insize=0 outsize=44 ok=1
Cmd: disassembleShader
  api=4 insize=0 outsize=44 ok=1
Cmd: disassembleShader
  api=5 insize=0 outsize=43 ok=1
Cmd: disassembleShader
  api=4 insize=0 outsize=44 ok=1
Cmd: disassembleShader
  api=4 insize=0 outsize=44 ok=1
Cmd: disassembleShader
  api=5 insize=0 outsize=43 ok=1
Cmd: disassembleShader
  api=4 insize=0 outsize=44 ok=1
Cmd: disassembleShader
  api=4 insize=0 outsize=44 ok=1
Cmd: disassembleShader
  api=5 insize=0 outsize=43 ok=1
Cmd: disassembleShader
  api=4 insize=0 outsize=44 ok=1
Cmd: disassembleShader
  api=4 insize=0 outsize=44 ok=1
Cmd: disassembleShader
  api=5 insize=0 outsize=43 ok=1
Cmd: disassembleShader
  api=4 insize=0 outsize=44 ok=1
Cmd: disassembleShader
  api=4 insize=0 outsize=44 ok=1
Cmd: disassembleShader
  api=5 insize=0 outsize=43 ok=1
Cmd: disassembleShader
  api=4 insize=0 outsize=44 ok=1
Cmd: disassembleShader
  api=4 insize=0 outsize=44 ok=1
Cmd: disassembleShader
  api=5 insize=0 outsize=43 ok=1
Cmd: disassembleShader
  api=4 insize=0 outsize=44 ok=1
Cmd: disassembleShader
  api=4 insize=0 outsize=44 ok=1
Cmd: disassembleShader
  api=5 insize=0 outsize=43 ok=1
Cmd: disassembleShader
  api=4 insize=0 outsize=44 ok=1
Cmd: disassembleShader
  api=4 insize=0 outsize=44 ok=1
Cmd: disassembleShader
  api=5 insize=0 outsize=43 ok=1
Cmd: disassembleShader
  api=4 insize=0 outsize=44 ok=1
Cmd: disassembleShader
  api=4 insize=0 outsize=44 ok=1
Cmd: disassembleShader
  api=5 insize=0 outsize=43 ok=1
Cmd: disassembleShader
  api=4 insize=0 outsize=44 ok=1
Cmd: disassembleShader
  api=4 insize=0 outsize=44 ok=1
Cmd: disassembleShader
  api=5 insize=0 outsize=43 ok=1
Cmd: disassembleShader
  api=4 insize=0 outsize=44 ok=1
Cmd: disassembleShader
  api=4 insize=0 outsize=44 ok=1
Cmd: disassembleShader
  api=5 insize=0 outsize=43 ok=1
Cmd: disassembleShader
  api=4 insize=0 outsize=44 ok=1
Cmd: disassembleShader
  api=4 insize=0 outsize=44 ok=1
Cmd: disassembleShader
  api=5 insize=0 outsize=43 ok=1
Cmd: disassembleShader
  api=4 insize=0 outsize=44 ok=1
Cmd: disassembleShader
  api=4 insize=0 outsize=44 ok=1
Cmd: disassembleShader
  api=5 insize=0 outsize=43 ok=1
Cmd: disassembleShader
  api=4 insize=0 outsize=44 ok=1
Cmd: disassembleShader
  api=4 insize=0 outsize=44 ok=1
Cmd: disassembleShader
  api=5 insize=0 outsize=43 ok=1
Cmd: disassembleShader
  api=4 insize=0 outsize=44 ok=1
Cmd: disassembleShader
  api=4 insize=0 outsize=44 ok=1
Cmd: disassembleShader
  api=5 insize=0 outsize=43 ok=1
Cmd: disassembleShader
  api=4 insize=0 outsize=44 ok=1
Cmd: disassembleShader
  api=4 insize=8187 outsize=8187 ok=1
Cmd: disassembleShader
  api=5 insize=8891 outsize=8891 ok=1
Cmd: disassembleShader
  api=4 insize=10405 outsize=10405 ok=1
Cmd: disassembleShader
  api=4 insize=8810 outsize=8810 ok=1
Cmd: disassembleShader
  api=5 insize=9292 outsize=9292 ok=1
Cmd: disassembleShader
  api=4 insize=10904 outsize=10904 ok=1
Cmd: disassembleShader
  api=4 insize=7689 outsize=7689 ok=1
Cmd: disassembleShader
  api=5 insize=8543 outsize=8543 ok=1
Cmd: disassembleShader
  api=4 insize=10001 outsize=10001 ok=1
Cmd: disassembleShader
  api=4 insize=8349 outsize=8349 ok=1
Cmd: disassembleShader
  api=5 insize=8944 outsize=8944 ok=1
Cmd: disassembleShader
  api=4 insize=10500 outsize=10500 ok=1
Cmd: disassembleShader
  api=4 insize=8402 outsize=8402 ok=1
Cmd: disassembleShader
  api=5 insize=9061 outsize=9061 ok=1
Cmd: disassembleShader
  api=4 insize=10620 outsize=10620 ok=1
Cmd: disassembleShader
  api=4 insize=9025 outsize=9025 ok=1
Cmd: disassembleShader
  api=5 insize=9462 outsize=9462 ok=1
Cmd: disassembleShader
  api=4 insize=11119 outsize=11119 ok=1
Cmd: disassembleShader
  api=4 insize=7941 outsize=7941 ok=1
Cmd: disassembleShader
  api=5 insize=8713 outsize=8713 ok=1
Cmd: disassembleShader
  api=4 insize=10216 outsize=10216 ok=1
Cmd: disassembleShader
  api=4 insize=8564 outsize=8564 ok=1
Cmd: disassembleShader
  api=5 insize=9114 outsize=9114 ok=1
Cmd: disassembleShader
  api=4 insize=10715 outsize=10715 ok=1
Cmd: disassembleShader
  api=4 insize=7236 outsize=7236 ok=1
Cmd: disassembleShader
  api=5 insize=7851 outsize=7851 ok=1
Cmd: disassembleShader
  api=4 insize=9715 outsize=9715 ok=1
Cmd: disassembleShader
  api=4 insize=7859 outsize=7859 ok=1
Cmd: disassembleShader
  api=5 insize=8252 outsize=8252 ok=1
Cmd: disassembleShader
  api=4 insize=10244 outsize=10244 ok=1
Cmd: disassembleShader
  api=4 insize=8404 outsize=8404 ok=1
Cmd: disassembleShader
  api=5 insize=9148 outsize=9148 ok=1
Cmd: disassembleShader
  api=4 insize=10647 outsize=10647 ok=1
Cmd: disassembleShader
  api=4 insize=9027 outsize=9027 ok=1
Cmd: disassembleShader
  api=5 insize=9549 outsize=9549 ok=1
Cmd: disassembleShader
  api=4 insize=11146 outsize=11146 ok=1
Cmd: disassembleShader
  api=4 insize=8246 outsize=8246 ok=1
Cmd: disassembleShader
  api=5 insize=8911 outsize=8911 ok=1
Cmd: disassembleShader
  api=4 insize=10479 outsize=10479 ok=1
Cmd: disassembleShader
  api=4 insize=8751 outsize=8751 ok=1
Cmd: disassembleShader
  api=5 insize=9312 outsize=9312 ok=1
Cmd: disassembleShader
  api=4 insize=10978 outsize=10978 ok=1
Cmd: disassembleShader
  api=4 insize=7716 outsize=7716 ok=1
Cmd: disassembleShader
  api=5 insize=8563 outsize=8563 ok=1
Cmd: disassembleShader
  api=4 insize=10039 outsize=10039 ok=1
Cmd: disassembleShader
  api=4 insize=8269 outsize=8269 ok=1
Cmd: disassembleShader
  api=5 insize=8964 outsize=8964 ok=1
Cmd: disassembleShader
  api=4 insize=10538 outsize=10538 ok=1
Cmd: disassembleShader
  api=4 insize=7965 outsize=7965 ok=1
Cmd: disassembleShader
  api=5 insize=8733 outsize=8733 ok=1
Cmd: disassembleShader
  api=4 insize=10254 outsize=10254 ok=1
Cmd: disassembleShader
  api=4 insize=8481 outsize=8481 ok=1
Cmd: disassembleShader
  api=5 insize=9134 outsize=9134 ok=1
Cmd: disassembleShader
  api=4 insize=10753 outsize=10753 ok=1
Cmd: disassembleShader
  api=4 insize=7306 outsize=7306 ok=1
Cmd: disassembleShader
  api=5 insize=7871 outsize=7871 ok=1
Cmd: disassembleShader
  api=4 insize=9785 outsize=9785 ok=1
Cmd: disassembleShader
  api=4 insize=7809 outsize=7809 ok=1
Cmd: disassembleShader
  api=5 insize=8272 outsize=8272 ok=1
Cmd: disassembleShader
  api=4 insize=10314 outsize=10314 ok=1
Cmd: disassembleShader
  api=4 insize=8300 outsize=8300 ok=1
Cmd: disassembleShader
  api=5 insize=8989 outsize=8989 ok=1
Cmd: disassembleShader
  api=4 insize=10533 outsize=10533 ok=1
Cmd: disassembleShader
  api=4 insize=8802 outsize=8802 ok=1
Cmd: disassembleShader
  api=5 insize=9390 outsize=9390 ok=1
Cmd: disassembleShader
  api=4 insize=11032 outsize=11032 ok=1
Cmd: disassembleShader
  api=4 insize=8243 outsize=8243 ok=1
Cmd: disassembleShader
  api=5 insize=9008 outsize=9008 ok=1
Cmd: disassembleShader
  api=4 insize=10487 outsize=10487 ok=1
Cmd: disassembleShader
  api=4 insize=8866 outsize=8866 ok=1
Cmd: disassembleShader
  api=5 insize=9409 outsize=9409 ok=1
Cmd: disassembleShader
  api=4 insize=10986 outsize=10986 ok=1
Cmd: disassembleShader
  api=4 insize=8459 outsize=8459 ok=1
Cmd: disassembleShader
  api=5 insize=9178 outsize=9178 ok=1
Cmd: disassembleShader
  api=4 insize=10702 outsize=10702 ok=1
Cmd: disassembleShader
  api=4 insize=9082 outsize=9082 ok=1
Cmd: disassembleShader
  api=5 insize=9579 outsize=9579 ok=1
Cmd: disassembleShader
  api=4 insize=11201 outsize=11201 ok=1
Cmd: disassembleShader
  api=5 insize=0 outsize=43 ok=1
Cmd: disassembleShader
  api=4 insize=0 outsize=44 ok=1
Cmd: disassembleShader
  api=5 insize=0 outsize=43 ok=1
Cmd: disassembleShader
  api=4 insize=0 outsize=44 ok=1
Cmd: disassembleShader
  api=4 insize=0 outsize=44 ok=1
Cmd: disassembleShader
  api=5 insize=0 outsize=43 ok=1
Cmd: disassembleShader
  api=4 insize=0 outsize=44 ok=1
Cmd: disassembleShader
  api=4 insize=0 outsize=44 ok=1
Cmd: disassembleShader
  api=5 insize=0 outsize=43 ok=1
Cmd: disassembleShader
  api=4 insize=0 outsize=44 ok=1
Cmd: disassembleShader
  api=4 insize=0 outsize=44 ok=1
Cmd: disassembleShader
  api=5 insize=0 outsize=43 ok=1
Cmd: disassembleShader
  api=4 insize=0 outsize=44 ok=1
Cmd: disassembleShader
  api=4 insize=0 outsize=44 ok=1
Cmd: disassembleShader
  api=5 insize=0 outsize=43 ok=1
Cmd: disassembleShader
  api=4 insize=0 outsize=44 ok=1
Cmd: disassembleShader
  api=4 insize=0 outsize=44 ok=1
Cmd: disassembleShader
  api=5 insize=0 outsize=43 ok=1
Cmd: disassembleShader
  api=4 insize=0 outsize=44 ok=1
Cmd: disassembleShader
  api=4 insize=0 outsize=44 ok=1
Cmd: disassembleShader
  api=5 insize=0 outsize=43 ok=1
Cmd: disassembleShader
  api=4 insize=0 outsize=44 ok=1
Cmd: disassembleShader
  api=4 insize=0 outsize=44 ok=1
Cmd: disassembleShader
  api=5 insize=0 outsize=43 ok=1
Cmd: disassembleShader
  api=4 insize=0 outsize=44 ok=1
Cmd: disassembleShader
  api=4 insize=0 outsize=44 ok=1
Cmd: disassembleShader
  api=5 insize=0 outsize=43 ok=1
Cmd: disassembleShader
  api=4 insize=0 outsize=44 ok=1
Cmd: disassembleShader
  api=4 insize=0 outsize=44 ok=1
Cmd: disassembleShader
  api=5 insize=0 outsize=43 ok=1
Cmd: disassembleShader
  api=4 insize=0 outsize=44 ok=1
Cmd: disassembleShader
  api=4 insize=0 outsize=44 ok=1
Cmd: disassembleShader
  api=5 insize=0 outsize=43 ok=1
Cmd: disassembleShader
  api=4 insize=0 outsize=44 ok=1
Cmd: disassembleShader
  api=4 insize=0 outsize=44 ok=1
Cmd: disassembleShader
  api=5 insize=0 outsize=43 ok=1
Cmd: disassembleShader
  api=4 insize=0 outsize=44 ok=1
Cmd: disassembleShader
  api=4 insize=0 outsize=44 ok=1
Cmd: disassembleShader
  api=5 insize=0 outsize=43 ok=1
Cmd: disassembleShader
  api=4 insize=6499 outsize=6499 ok=1
Cmd: disassembleShader
  api=5 insize=4553 outsize=4553 ok=1
Cmd: disassembleShader
  api=4 insize=6926 outsize=6926 ok=1
Cmd: disassembleShader
  api=5 insize=4363 outsize=4363 ok=1
Cmd: disassembleShader
  api=5 insize=6088 outsize=6088 ok=1
Cmd: disassembleShader
  api=4 insize=6550 outsize=6550 ok=1
Cmd: disassembleShader
  api=5 insize=5369 outsize=5369 ok=1
Cmd: disassembleShader
  api=5 insize=6083 outsize=6083 ok=1
Cmd: disassembleShader
  api=4 insize=6975 outsize=6975 ok=1
Cmd: disassembleShader
  api=5 insize=5121 outsize=5121 ok=1
Cmd: disassembleShader
  api=5 insize=5722 outsize=5722 ok=1
Cmd: disassembleShader
  api=4 insize=6777 outsize=6777 ok=1
Cmd: disassembleShader
  api=5 insize=4925 outsize=4925 ok=1
Cmd: disassembleShader
  api=5 insize=6021 outsize=6021 ok=1
Cmd: disassembleShader
  api=4 insize=7841 outsize=7841 ok=1
Cmd: disassembleShader
  api=5 insize=4057 outsize=4057 ok=1
Cmd: disassembleShader
  api=5 insize=3772 outsize=3772 ok=1
Cmd: disassembleShader
  api=4 insize=5992 outsize=5992 ok=1
Cmd: disassembleShader
  api=5 insize=3813 outsize=3813 ok=1
Cmd: disassembleShader
  api=5 insize=5298 outsize=5298 ok=1
Cmd: disassembleShader
  api=4 insize=5611 outsize=5611 ok=1
Cmd: disassembleShader
  api=5 insize=4804 outsize=4804 ok=1
Cmd: disassembleShader
  api=5 insize=5293 outsize=5293 ok=1
Cmd: disassembleShader
  api=4 insize=6032 outsize=6032 ok=1
Cmd: disassembleShader
  api=5 insize=4596 outsize=4596 ok=1
Cmd: disassembleShader
  api=5 insize=4921 outsize=4921 ok=1
Cmd: disassembleShader
  api=4 insize=5834 outsize=5834 ok=1
Cmd: disassembleShader
  api=5 insize=4400 outsize=4400 ok=1
Cmd: disassembleShader
  api=5 insize=5223 outsize=5223 ok=1
Cmd: disassembleShader
  api=4 insize=6903 outsize=6903 ok=1
Cmd: disassembleShader
  api=5 insize=4631 outsize=4631 ok=1
Cmd: disassembleShader
  api=5 insize=4573 outsize=4573 ok=1
Cmd: disassembleShader
  api=4 insize=6900 outsize=6900 ok=1
Cmd: disassembleShader
  api=5 insize=4383 outsize=4383 ok=1
Cmd: disassembleShader
  api=5 insize=6160 outsize=6160 ok=1
Cmd: disassembleShader
  api=4 insize=6524 outsize=6524 ok=1
Cmd: disassembleShader
  api=5 insize=5441 outsize=5441 ok=1
Cmd: disassembleShader
  api=5 insize=6155 outsize=6155 ok=1
Cmd: disassembleShader
  api=4 insize=6900 outsize=6900 ok=1
Cmd: disassembleShader
  api=5 insize=5141 outsize=5141 ok=1
Cmd: disassembleShader
  api=5 insize=5742 outsize=5742 ok=1
Cmd: disassembleShader
  api=4 insize=6701 outsize=6701 ok=1
Cmd: disassembleShader
  api=5 insize=4945 outsize=4945 ok=1
Cmd: disassembleShader
  api=5 insize=6041 outsize=6041 ok=1
Cmd: disassembleShader
  api=4 insize=7773 outsize=7773 ok=1
Cmd: disassembleShader
  api=5 insize=4077 outsize=4077 ok=1
Cmd: disassembleShader
  api=5 insize=3792 outsize=3792 ok=1
Cmd: disassembleShader
  api=4 insize=6066 outsize=6066 ok=1
Cmd: disassembleShader
  api=5 insize=3833 outsize=3833 ok=1
Cmd: disassembleShader
  api=5 insize=5370 outsize=5370 ok=1
Cmd: disassembleShader
  api=4 insize=5707 outsize=5707 ok=1
Cmd: disassembleShader
  api=5 insize=4877 outsize=4877 ok=1
Cmd: disassembleShader
  api=5 insize=5365 outsize=5365 ok=1
Cmd: disassembleShader
  api=4 insize=6008 outsize=6008 ok=1
Cmd: disassembleShader
  api=5 insize=4616 outsize=4616 ok=1
Cmd: disassembleShader
  api=5 insize=4941 outsize=4941 ok=1
Cmd: disassembleShader
  api=4 insize=5809 outsize=5809 ok=1
Cmd: disassembleShader
  api=5 insize=4420 outsize=4420 ok=1
Cmd: disassembleShader
  api=5 insize=5243 outsize=5243 ok=1
Cmd: disassembleShader
  api=4 insize=6846 outsize=6846 ok=1
Cmd: disassembleShader
  api=5 insize=4697 outsize=4697 ok=1
Cmd: disassembleShader
  api=5 insize=4638 outsize=4638 ok=1
Cmd: disassembleShader
  api=4 insize=7014 outsize=7014 ok=1
Cmd: disassembleShader
  api=5 insize=4449 outsize=4449 ok=1
Cmd: disassembleShader
  api=5 insize=6190 outsize=6190 ok=1
Cmd: disassembleShader
  api=4 insize=6638 outsize=6638 ok=1
Cmd: disassembleShader
  api=5 insize=5454 outsize=5454 ok=1
Cmd: disassembleShader
  api=5 insize=6185 outsize=6185 ok=1
Cmd: disassembleShader
  api=4 insize=6951 outsize=6951 ok=1
Cmd: disassembleShader
  api=5 insize=5206 outsize=5206 ok=1
Cmd: disassembleShader
  api=5 insize=5807 outsize=5807 ok=1
Cmd: disassembleShader
  api=4 insize=6752 outsize=6752 ok=1
Cmd: disassembleShader
  api=5 insize=5010 outsize=5010 ok=1
Cmd: disassembleShader
  api=5 insize=6106 outsize=6106 ok=1
Cmd: disassembleShader
  api=4 insize=7824 outsize=7824 ok=1
Cmd: disassembleShader
  api=5 insize=4716 outsize=4716 ok=1
Cmd: disassembleShader
  api=5 insize=4657 outsize=4657 ok=1
Cmd: disassembleShader
  api=4 insize=6994 outsize=6994 ok=1
Cmd: disassembleShader
  api=5 insize=4468 outsize=4468 ok=1
Cmd: disassembleShader
  api=5 insize=6261 outsize=6261 ok=1
Cmd: disassembleShader
  api=4 insize=6618 outsize=6618 ok=1
Cmd: disassembleShader
  api=5 insize=5525 outsize=5525 ok=1
Cmd: disassembleShader
  api=5 insize=6256 outsize=6256 ok=1
Cmd: disassembleShader
  api=4 insize=7043 outsize=7043 ok=1
Cmd: disassembleShader
  api=5 insize=5225 outsize=5225 ok=1
Cmd: disassembleShader
  api=5 insize=5826 outsize=5826 ok=1
Cmd: disassembleShader
  api=4 insize=6845 outsize=6845 ok=1
Cmd: disassembleShader
  api=5 insize=5029 outsize=5029 ok=1
Cmd: disassembleShader
  api=5 insize=6125 outsize=6125 ok=1
Cmd: disassembleShader
  api=4 insize=7934 outsize=7934 ok=1
Cmd: disassembleShader
  api=4 insize=0 outsize=44 ok=1
Cmd: disassembleShader
  api=5 insize=0 outsize=43 ok=1
Cmd: disassembleShader
  api=4 insize=0 outsize=44 ok=1
Cmd: disassembleShader
  api=4 insize=0 outsize=44 ok=1
Cmd: disassembleShader
  api=5 insize=0 outsize=43 ok=1
Cmd: disassembleShader
  api=4 insize=0 outsize=44 ok=1
Cmd: disassembleShader
  api=4 insize=0 outsize=44 ok=1
Cmd: disassembleShader
  api=5 insize=0 outsize=43 ok=1
Cmd: disassembleShader
  api=4 insize=0 outsize=44 ok=1
Cmd: disassembleShader
  api=4 insize=0 outsize=44 ok=1
Cmd: disassembleShader
  api=5 insize=0 outsize=43 ok=1
Cmd: disassembleShader
  api=4 insize=0 outsize=44 ok=1
Cmd: disassembleShader
  api=4 insize=0 outsize=44 ok=1
Cmd: disassembleShader
  api=5 insize=0 outsize=43 ok=1
Cmd: disassembleShader
  api=4 insize=0 outsize=44 ok=1
Cmd: disassembleShader
  api=4 insize=0 outsize=44 ok=1
Cmd: disassembleShader
  api=5 insize=0 outsize=43 ok=1
Cmd: disassembleShader
  api=4 insize=0 outsize=44 ok=1
Cmd: disassembleShader
  api=4 insize=0 outsize=44 ok=1
Cmd: disassembleShader
  api=5 insize=0 outsize=43 ok=1
Cmd: disassembleShader
  api=4 insize=0 outsize=44 ok=1
Cmd: disassembleShader
  api=4 insize=0 outsize=44 ok=1
Cmd: disassembleShader
  api=5 insize=0 outsize=43 ok=1
Cmd: disassembleShader
  api=4 insize=0 outsize=44 ok=1
Cmd: disassembleShader
  api=4 insize=0 outsize=44 ok=1
Cmd: disassembleShader
  api=5 insize=0 outsize=43 ok=1
Cmd: disassembleShader
  api=4 insize=0 outsize=44 ok=1
Cmd: disassembleShader
  api=4 insize=0 outsize=44 ok=1
Cmd: disassembleShader
  api=5 insize=0 outsize=43 ok=1
Cmd: disassembleShader
  api=4 insize=0 outsize=44 ok=1
Cmd: disassembleShader
  api=4 insize=0 outsize=44 ok=1
Cmd: disassembleShader
  api=5 insize=0 outsize=43 ok=1
Cmd: disassembleShader
  api=4 insize=0 outsize=44 ok=1
Cmd: disassembleShader
  api=4 insize=0 outsize=44 ok=1
Cmd: disassembleShader
  api=5 insize=0 outsize=43 ok=1
Cmd: disassembleShader
  api=4 insize=0 outsize=44 ok=1
Cmd: disassembleShader
  api=4 insize=0 outsize=44 ok=1
Cmd: disassembleShader
  api=5 insize=0 outsize=43 ok=1
Cmd: disassembleShader
  api=4 insize=0 outsize=44 ok=1
Cmd: disassembleShader
  api=4 insize=0 outsize=44 ok=1
Cmd: disassembleShader
  api=5 insize=0 outsize=43 ok=1
Cmd: disassembleShader
  api=4 insize=0 outsize=44 ok=1
Cmd: disassembleShader
  api=4 insize=0 outsize=44 ok=1
Cmd: disassembleShader
  api=5 insize=0 outsize=43 ok=1
Cmd: disassembleShader
  api=4 insize=0 outsize=44 ok=1
Cmd: disassembleShader
  api=4 insize=0 outsize=44 ok=1
Cmd: disassembleShader
  api=5 insize=0 outsize=43 ok=1
Cmd: disassembleShader
  api=4 insize=0 outsize=44 ok=1
Cmd: disassembleShader
  api=4 insize=0 outsize=44 ok=1
Cmd: disassembleShader
  api=5 insize=0 outsize=43 ok=1
Cmd: disassembleShader
  api=4 insize=0 outsize=44 ok=1
Cmd: disassembleShader
  api=4 insize=0 outsize=44 ok=1
Cmd: disassembleShader
  api=5 insize=0 outsize=43 ok=1
Cmd: disassembleShader
  api=4 insize=0 outsize=44 ok=1
Cmd: disassembleShader
  api=4 insize=0 outsize=44 ok=1
Cmd: disassembleShader
  api=5 insize=0 outsize=43 ok=1
Cmd: disassembleShader
  api=4 insize=0 outsize=44 ok=1
Cmd: disassembleShader
  api=4 insize=0 outsize=44 ok=1
Cmd: disassembleShader
  api=5 insize=0 outsize=43 ok=1
Cmd: disassembleShader
  api=4 insize=0 outsize=44 ok=1
Cmd: disassembleShader
  api=4 insize=0 outsize=44 ok=1
Cmd: disassembleShader
  api=5 insize=0 outsize=43 ok=1
Cmd: disassembleShader
  api=4 insize=0 outsize=44 ok=1
Cmd: disassembleShader
  api=4 insize=0 outsize=44 ok=1
Cmd: disassembleShader
  api=5 insize=0 outsize=43 ok=1
Cmd: disassembleShader
  api=4 insize=0 outsize=44 ok=1
Cmd: disassembleShader
  api=4 insize=0 outsize=44 ok=1
Cmd: disassembleShader
  api=5 insize=0 outsize=43 ok=1
Cmd: disassembleShader
  api=4 insize=0 outsize=44 ok=1
Cmd: disassembleShader
  api=4 insize=0 outsize=44 ok=1
Cmd: disassembleShader
  api=5 insize=0 outsize=43 ok=1
Cmd: disassembleShader
  api=4 insize=0 outsize=44 ok=1
Cmd: disassembleShader
  api=4 insize=0 outsize=44 ok=1
Cmd: disassembleShader
  api=5 insize=0 outsize=43 ok=1
Cmd: disassembleShader
  api=4 insize=0 outsize=44 ok=1
Cmd: disassembleShader
  api=4 insize=0 outsize=44 ok=1
Cmd: disassembleShader
  api=5 insize=0 outsize=43 ok=1
Cmd: disassembleShader
  api=4 insize=0 outsize=44 ok=1
Cmd: disassembleShader
  api=4 insize=0 outsize=44 ok=1
Cmd: disassembleShader
  api=5 insize=0 outsize=43 ok=1
Cmd: disassembleShader
  api=4 insize=0 outsize=44 ok=1
Cmd: disassembleShader
  api=4 insize=0 outsize=44 ok=1
Cmd: disassembleShader
  api=5 insize=0 outsize=43 ok=1
Cmd: disassembleShader
  api=4 insize=0 outsize=44 ok=1
Cmd: disassembleShader
  api=4 insize=0 outsize=44 ok=1
Cmd: disassembleShader
  api=5 insize=0 outsize=43 ok=1
Cmd: disassembleShader
  api=4 insize=0 outsize=44 ok=1
Cmd: disassembleShader
  api=4 insize=0 outsize=44 ok=1
Cmd: disassembleShader
  api=5 insize=0 outsize=43 ok=1
Cmd: disassembleShader
  api=4 insize=0 outsize=44 ok=1
Cmd: disassembleShader
  api=4 insize=3372 outsize=3372 ok=1
Cmd: disassembleShader
  api=5 insize=2652 outsize=2652 ok=1
Cmd: disassembleShader
  api=4 insize=2299 outsize=2299 ok=1
Cmd: disassembleShader
  api=4 insize=3983 outsize=3983 ok=1
Cmd: disassembleShader
  api=5 insize=0 outsize=43 ok=1
Cmd: disassembleShader
  api=5 insize=0 outsize=43 ok=1
Cmd: disassembleShader
  api=4 insize=0 outsize=44 ok=1
Cmd: disassembleShader
  api=4 insize=0 outsize=44 ok=1
