Base path: C:/Program Files/Unity 5.4.2f2-GVR13/Editor/Data
Cmd: getPlatforms
Cmd: disassembleShader
  api=4 insize=7999 outsize=7999 ok=1
Cmd: disassembleShader
  api=4 insize=12093 outsize=12093 ok=1
Cmd: disassembleShader
  api=5 insize=8812 outsize=8812 ok=1
Cmd: disassembleShader
  api=4 insize=9699 outsize=9699 ok=1
Cmd: disassembleShader
  api=4 insize=12716 outsize=12716 ok=1
Cmd: disassembleShader
  api=5 insize=7436 outsize=7436 ok=1
Cmd: disassembleShader
  api=4 insize=8816 outsize=8816 ok=1
Cmd: disassembleShader
  api=4 insize=10501 outsize=10501 ok=1
Cmd: disassembleShader
  api=5 insize=7837 outsize=7837 ok=1
Cmd: disassembleShader
  api=4 insize=9315 outsize=9315 ok=1
Cmd: disassembleShader
  api=4 insize=11124 outsize=11124 ok=1
Cmd: disassembleShader
  api=5 insize=8581 outsize=8581 ok=1
Cmd: disassembleShader
  api=4 insize=9415 outsize=9415 ok=1
Cmd: disassembleShader
  api=4 insize=12308 outsize=12308 ok=1
Cmd: disassembleShader
  api=5 insize=8982 outsize=8982 ok=1
Cmd: disassembleShader
  api=4 insize=9914 outsize=9914 ok=1
Cmd: disassembleShader
  api=4 insize=12931 outsize=12931 ok=1
Cmd: disassembleShader
  api=5 insize=7606 outsize=7606 ok=1
Cmd: disassembleShader
  api=4 insize=9031 outsize=9031 ok=1
Cmd: disassembleShader
  api=4 insize=10716 outsize=10716 ok=1
Cmd: disassembleShader
  api=5 insize=8007 outsize=8007 ok=1
Cmd: disassembleShader
  api=4 insize=9530 outsize=9530 ok=1
Cmd: disassembleShader
  api=4 insize=11339 outsize=11339 ok=1
Cmd: disassembleShader
  api=5 insize=6765 outsize=6765 ok=1
Cmd: disassembleShader
  api=4 insize=8498 outsize=8498 ok=1
Cmd: disassembleShader
  api=4 insize=10201 outsize=10201 ok=1
Cmd: disassembleShader
  api=5 insize=7166 outsize=7166 ok=1
Cmd: disassembleShader
  api=4 insize=9027 outsize=9027 ok=1
Cmd: disassembleShader
  api=4 insize=10824 outsize=10824 ok=1
Cmd: disassembleShader
  api=5 insize=8716 outsize=8716 ok=1
Cmd: disassembleShader
  api=4 insize=9430 outsize=9430 ok=1
Cmd: disassembleShader
  api=4 insize=12387 outsize=12387 ok=1
Cmd: disassembleShader
  api=5 insize=9117 outsize=9117 ok=1
Cmd: disassembleShader
  api=4 insize=9956 outsize=9956 ok=1
Cmd: disassembleShader
  api=4 insize=13008 outsize=13008 ok=1
Cmd: disassembleShader
  api=5 insize=8431 outsize=8431 ok=1
Cmd: disassembleShader
  api=4 insize=9259 outsize=9259 ok=1
Cmd: disassembleShader
  api=4 insize=12122 outsize=12122 ok=1
Cmd: disassembleShader
  api=5 insize=8832 outsize=8832 ok=1
Cmd: disassembleShader
  api=4 insize=9758 outsize=9758 ok=1
Cmd: disassembleShader
  api=4 insize=12655 outsize=12655 ok=1
Cmd: disassembleShader
  api=5 insize=7456 outsize=7456 ok=1
Cmd: disassembleShader
  api=4 insize=8901 outsize=8901 ok=1
Cmd: disassembleShader
  api=4 insize=10577 outsize=10577 ok=1
Cmd: disassembleShader
  api=5 insize=7857 outsize=7857 ok=1
Cmd: disassembleShader
  api=4 insize=9400 outsize=9400 ok=1
Cmd: disassembleShader
  api=4 insize=11041 outsize=11041 ok=1
Cmd: disassembleShader
  api=5 insize=7626 outsize=7626 ok=1
Cmd: disassembleShader
  api=4 insize=9119 outsize=9119 ok=1
Cmd: disassembleShader
  api=4 insize=10792 outsize=10792 ok=1
Cmd: disassembleShader
  api=5 insize=8027 outsize=8027 ok=1
Cmd: disassembleShader
  api=4 insize=9618 outsize=9618 ok=1
Cmd: disassembleShader
  api=4 insize=11256 outsize=11256 ok=1
Cmd: disassembleShader
  api=5 insize=6785 outsize=6785 ok=1
Cmd: disassembleShader
  api=4 insize=8569 outsize=8569 ok=1
Cmd: disassembleShader
  api=4 insize=10275 outsize=10275 ok=1
Cmd: disassembleShader
  api=5 insize=7186 outsize=7186 ok=1
Cmd: disassembleShader
  api=4 insize=9098 outsize=9098 ok=1
Cmd: disassembleShader
  api=4 insize=10743 outsize=10743 ok=1
Cmd: disassembleShader
  api=5 insize=8543 outsize=8543 ok=1
Cmd: disassembleShader
  api=4 insize=9341 outsize=9341 ok=1
Cmd: disassembleShader
  api=4 insize=12077 outsize=12077 ok=1
Cmd: disassembleShader
  api=5 insize=8944 outsize=8944 ok=1
Cmd: disassembleShader
  api=4 insize=9842 outsize=9842 ok=1
Cmd: disassembleShader
  api=4 insize=12700 outsize=12700 ok=1
Cmd: disassembleShader
  api=5 insize=8609 outsize=8609 ok=1
Cmd: disassembleShader
  api=4 insize=9394 outsize=9394 ok=1
Cmd: disassembleShader
  api=4 insize=12172 outsize=12172 ok=1
Cmd: disassembleShader
  api=5 insize=9010 outsize=9010 ok=1
Cmd: disassembleShader
  api=4 insize=9895 outsize=9895 ok=1
Cmd: disassembleShader
  api=4 insize=12795 outsize=12795 ok=1
Cmd: disassembleShader
  api=5 insize=8779 outsize=8779 ok=1
Cmd: disassembleShader
  api=4 insize=9609 outsize=9609 ok=1
Cmd: disassembleShader
  api=4 insize=12387 outsize=12387 ok=1
Cmd: disassembleShader
  api=5 insize=9180 outsize=9180 ok=1
Cmd: disassembleShader
  api=4 insize=10110 outsize=10110 ok=1
Cmd: disassembleShader
  api=4 insize=13010 outsize=13010 ok=1
Cmd: disassembleShader
  api=5 insize=0 outsize=43 ok=1
Cmd: disassembleShader
  api=4 insize=0 outsize=44 ok=1
Cmd: disassembleShader
  api=5 insize=0 outsize=43 ok=1
Cmd: disassembleShader
  api=5 insize=0 outsize=43 ok=1
Cmd: disassembleShader
  api=4 insize=0 outsize=44 ok=1
Cmd: disassembleShader
  api=5 insize=0 outsize=43 ok=1
Cmd: disassembleShader
  api=5 insize=0 outsize=43 ok=1
Cmd: disassembleShader
  api=4 insize=0 outsize=44 ok=1
Cmd: disassembleShader
  api=5 insize=0 outsize=43 ok=1
Cmd: disassembleShader
  api=5 insize=0 outsize=43 ok=1
Cmd: disassembleShader
  api=4 insize=0 outsize=44 ok=1
Cmd: disassembleShader
  api=5 insize=0 outsize=43 ok=1
Cmd: disassembleShader
  api=5 insize=0 outsize=43 ok=1
Cmd: disassembleShader
  api=4 insize=0 outsize=44 ok=1
Cmd: disassembleShader
  api=5 insize=0 outsize=43 ok=1
Cmd: disassembleShader
  api=5 insize=0 outsize=43 ok=1
Cmd: disassembleShader
  api=4 insize=0 outsize=44 ok=1
Cmd: disassembleShader
  api=5 insize=0 outsize=43 ok=1
Cmd: disassembleShader
  api=5 insize=0 outsize=43 ok=1
Cmd: disassembleShader
  api=4 insize=0 outsize=44 ok=1
Cmd: disassembleShader
  api=5 insize=0 outsize=43 ok=1
Cmd: disassembleShader
  api=5 insize=0 outsize=43 ok=1
Cmd: disassembleShader
  api=4 insize=0 outsize=44 ok=1
Cmd: disassembleShader
  api=5 insize=0 outsize=43 ok=1
Cmd: disassembleShader
  api=5 insize=0 outsize=43 ok=1
Cmd: disassembleShader
  api=4 insize=0 outsize=44 ok=1
Cmd: disassembleShader
  api=5 insize=0 outsize=43 ok=1
Cmd: disassembleShader
  api=5 insize=0 outsize=43 ok=1
Cmd: disassembleShader
  api=4 insize=0 outsize=44 ok=1
Cmd: disassembleShader
  api=5 insize=0 outsize=43 ok=1
Cmd: disassembleShader
  api=5 insize=0 outsize=43 ok=1
Cmd: disassembleShader
  api=4 insize=0 outsize=44 ok=1
Cmd: disassembleShader
  api=5 insize=0 outsize=43 ok=1
Cmd: disassembleShader
  api=5 insize=0 outsize=43 ok=1
Cmd: disassembleShader
  api=4 insize=0 outsize=44 ok=1
Cmd: disassembleShader
  api=5 insize=0 outsize=43 ok=1
Cmd: disassembleShader
  api=5 insize=0 outsize=43 ok=1
Cmd: disassembleShader
  api=4 insize=0 outsize=44 ok=1
Cmd: disassembleShader
  api=5 insize=0 outsize=43 ok=1
Cmd: disassembleShader
  api=5 insize=4033 outsize=4033 ok=1
Cmd: disassembleShader
  api=5 insize=5776 outsize=5776 ok=1
Cmd: disassembleShader
  api=4 insize=7451 outsize=7451 ok=1
Cmd: disassembleShader
  api=5 insize=5459 outsize=5459 ok=1
Cmd: disassembleShader
  api=5 insize=5578 outsize=5578 ok=1
Cmd: disassembleShader
  api=4 insize=7868 outsize=7868 ok=1
Cmd: disassembleShader
  api=5 insize=5511 outsize=5511 ok=1
Cmd: disassembleShader
  api=5 insize=7609 outsize=7609 ok=1
Cmd: disassembleShader
  api=4 insize=9131 outsize=9131 ok=1
Cmd: disassembleShader
  api=5 insize=4869 outsize=4869 ok=1
Cmd: disassembleShader
  api=5 insize=5277 outsize=5277 ok=1
Cmd: disassembleShader
  api=4 insize=8190 outsize=8190 ok=1
Cmd: disassembleShader
  api=5 insize=4621 outsize=4621 ok=1
Cmd: disassembleShader
  api=5 insize=6921 outsize=6921 ok=1
Cmd: disassembleShader
  api=4 insize=7797 outsize=7797 ok=1
Cmd: disassembleShader
  api=5 insize=5627 outsize=5627 ok=1
Cmd: disassembleShader
  api=5 insize=6916 outsize=6916 ok=1
Cmd: disassembleShader
  api=4 insize=9839 outsize=9839 ok=1
Cmd: disassembleShader
  api=5 insize=6974 outsize=6974 ok=1
Cmd: disassembleShader
  api=5 insize=4332 outsize=4332 ok=1
Cmd: disassembleShader
  api=4 insize=4209 outsize=4209 ok=1
Cmd: disassembleShader
  api=5 insize=4188 outsize=4188 ok=1
Cmd: disassembleShader
  api=5 insize=4131 outsize=4131 ok=1
Cmd: disassembleShader
  api=4 insize=6657 outsize=6657 ok=1
Cmd: disassembleShader
  api=5 insize=4430 outsize=4430 ok=1
Cmd: disassembleShader
  api=5 insize=5118 outsize=5118 ok=1
Cmd: disassembleShader
  api=4 insize=6362 outsize=6362 ok=1
Cmd: disassembleShader
  api=5 insize=5988 outsize=5988 ok=1
Cmd: disassembleShader
  api=5 insize=6447 outsize=6447 ok=1
Cmd: disassembleShader
  api=4 insize=5829 outsize=5829 ok=1
Cmd: disassembleShader
  api=5 insize=4589 outsize=4589 ok=1
Cmd: disassembleShader
  api=5 insize=4860 outsize=4860 ok=1
Cmd: disassembleShader
  api=4 insize=5580 outsize=5580 ok=1
Cmd: disassembleShader
  api=5 insize=4393 outsize=4393 ok=1
Cmd: disassembleShader
  api=5 insize=5155 outsize=5155 ok=1
Cmd: disassembleShader
  api=4 insize=6682 outsize=6682 ok=1
Cmd: disassembleShader
  api=5 insize=6269 outsize=6269 ok=1
Cmd: disassembleShader
  api=5 insize=6696 outsize=6696 ok=1
Cmd: disassembleShader
  api=4 insize=7812 outsize=7812 ok=1
Cmd: disassembleShader
  api=5 insize=4053 outsize=4053 ok=1
Cmd: disassembleShader
  api=5 insize=5796 outsize=5796 ok=1
Cmd: disassembleShader
  api=4 insize=7442 outsize=7442 ok=1
Cmd: disassembleShader
  api=5 insize=5531 outsize=5531 ok=1
Cmd: disassembleShader
  api=5 insize=5598 outsize=5598 ok=1
Cmd: disassembleShader
  api=4 insize=7855 outsize=7855 ok=1
Cmd: disassembleShader
  api=5 insize=5583 outsize=5583 ok=1
Cmd: disassembleShader
  api=5 insize=7681 outsize=7681 ok=1
Cmd: disassembleShader
  api=4 insize=9147 outsize=9147 ok=1
Cmd: disassembleShader
  api=5 insize=4889 outsize=4889 ok=1
Cmd: disassembleShader
  api=5 insize=5297 outsize=5297 ok=1
Cmd: disassembleShader
  api=4 insize=8134 outsize=8134 ok=1
Cmd: disassembleShader
  api=5 insize=4641 outsize=4641 ok=1
Cmd: disassembleShader
  api=5 insize=6993 outsize=6993 ok=1
Cmd: disassembleShader
  api=4 insize=7738 outsize=7738 ok=1
Cmd: disassembleShader
  api=5 insize=5699 outsize=5699 ok=1
Cmd: disassembleShader
  api=5 insize=6988 outsize=6988 ok=1
Cmd: disassembleShader
  api=4 insize=9750 outsize=9750 ok=1
Cmd: disassembleShader
  api=5 insize=7046 outsize=7046 ok=1
Cmd: disassembleShader
  api=5 insize=4352 outsize=4352 ok=1
Cmd: disassembleShader
  api=4 insize=4243 outsize=4243 ok=1
Cmd: disassembleShader
  api=5 insize=4208 outsize=4208 ok=1
Cmd: disassembleShader
  api=5 insize=4151 outsize=4151 ok=1
Cmd: disassembleShader
  api=4 insize=6749 outsize=6749 ok=1
Cmd: disassembleShader
  api=5 insize=4450 outsize=4450 ok=1
Cmd: disassembleShader
  api=5 insize=5191 outsize=5191 ok=1
Cmd: disassembleShader
  api=4 insize=6514 outsize=6514 ok=1
Cmd: disassembleShader
  api=5 insize=6061 outsize=6061 ok=1
Cmd: disassembleShader
  api=5 insize=6519 outsize=6519 ok=1
Cmd: disassembleShader
  api=4 insize=5812 outsize=5812 ok=1
Cmd: disassembleShader
  api=5 insize=4609 outsize=4609 ok=1
Cmd: disassembleShader
  api=5 insize=4880 outsize=4880 ok=1
Cmd: disassembleShader
  api=4 insize=5581 outsize=5581 ok=1
Cmd: disassembleShader
  api=5 insize=4413 outsize=4413 ok=1
Cmd: disassembleShader
  api=5 insize=5175 outsize=5175 ok=1
Cmd: disassembleShader
  api=4 insize=6694 outsize=6694 ok=1
Cmd: disassembleShader
  api=5 insize=6345 outsize=6345 ok=1
Cmd: disassembleShader
  api=5 insize=6768 outsize=6768 ok=1
Cmd: disassembleShader
  api=4 insize=7777 outsize=7777 ok=1
Cmd: disassembleShader
  api=5 insize=4202 outsize=4202 ok=1
Cmd: disassembleShader
  api=5 insize=5947 outsize=5947 ok=1
Cmd: disassembleShader
  api=4 insize=7556 outsize=7556 ok=1
Cmd: disassembleShader
  api=5 insize=5712 outsize=5712 ok=1
Cmd: disassembleShader
  api=5 insize=5749 outsize=5749 ok=1
Cmd: disassembleShader
  api=4 insize=7973 outsize=7973 ok=1
Cmd: disassembleShader
  api=5 insize=5764 outsize=5764 ok=1
Cmd: disassembleShader
  api=5 insize=7873 outsize=7873 ok=1
Cmd: disassembleShader
  api=4 insize=9261 outsize=9261 ok=1
Cmd: disassembleShader
  api=5 insize=5041 outsize=5041 ok=1
Cmd: disassembleShader
  api=5 insize=5451 outsize=5451 ok=1
Cmd: disassembleShader
  api=4 insize=8340 outsize=8340 ok=1
Cmd: disassembleShader
  api=5 insize=4794 outsize=4794 ok=1
Cmd: disassembleShader
  api=5 insize=7185 outsize=7185 ok=1
Cmd: disassembleShader
  api=4 insize=7902 outsize=7902 ok=1
Cmd: disassembleShader
  api=5 insize=5880 outsize=5880 ok=1
Cmd: disassembleShader
  api=5 insize=7180 outsize=7180 ok=1
Cmd: disassembleShader
  api=4 insize=9946 outsize=9946 ok=1
Cmd: disassembleShader
  api=5 insize=7227 outsize=7227 ok=1
Cmd: disassembleShader
  api=5 insize=5717 outsize=5717 ok=1
Cmd: disassembleShader
  api=4 insize=6344 outsize=6344 ok=1
Cmd: disassembleShader
  api=5 insize=4936 outsize=4936 ok=1
Cmd: disassembleShader
  api=5 insize=5466 outsize=5466 ok=1
Cmd: disassembleShader
  api=4 insize=8813 outsize=8813 ok=1
Cmd: disassembleShader
  api=5 insize=5184 outsize=5184 ok=1
Cmd: disassembleShader
  api=5 insize=6663 outsize=6663 ok=1
Cmd: disassembleShader
  api=4 insize=8537 outsize=8537 ok=1
Cmd: disassembleShader
  api=5 insize=6832 outsize=6832 ok=1
Cmd: disassembleShader
  api=5 insize=7994 outsize=7994 ok=1
Cmd: disassembleShader
  api=4 insize=7961 outsize=7961 ok=1
Cmd: disassembleShader
  api=5 insize=5304 outsize=5304 ok=1
Cmd: disassembleShader
  api=5 insize=6248 outsize=6248 ok=1
Cmd: disassembleShader
  api=4 insize=7738 outsize=7738 ok=1
Cmd: disassembleShader
  api=5 insize=5108 outsize=5108 ok=1
Cmd: disassembleShader
  api=5 insize=6494 outsize=6494 ok=1
Cmd: disassembleShader
  api=4 insize=8857 outsize=8857 ok=1
Cmd: disassembleShader
  api=5 insize=7074 outsize=7074 ok=1
Cmd: disassembleShader
  api=5 insize=8243 outsize=8243 ok=1
Cmd: disassembleShader
  api=4 insize=9987 outsize=9987 ok=1
Cmd: disassembleShader
  api=5 insize=0 outsize=43 ok=1
Cmd: disassembleShader
  api=4 insize=0 outsize=44 ok=1
Cmd: disassembleShader
  api=5 insize=0 outsize=43 ok=1
Cmd: disassembleShader
  api=4 insize=0 outsize=44 ok=1
Cmd: disassembleShader
  api=4 insize=0 outsize=44 ok=1
Cmd: disassembleShader
  api=5 insize=0 outsize=43 ok=1
Cmd: disassembleShader
  api=4 insize=0 outsize=44 ok=1
Cmd: disassembleShader
  api=4 insize=0 outsize=44 ok=1
Cmd: disassembleShader
  api=5 insize=0 outsize=43 ok=1
Cmd: disassembleShader
  api=4 insize=0 outsize=44 ok=1
Cmd: disassembleShader
  api=4 insize=0 outsize=44 ok=1
Cmd: disassembleShader
  api=5 insize=0 outsize=43 ok=1
Cmd: disassembleShader
  api=4 insize=0 outsize=44 ok=1
Cmd: disassembleShader
  api=4 insize=0 outsize=44 ok=1
Cmd: disassembleShader
  api=5 insize=0 outsize=43 ok=1
Cmd: disassembleShader
  api=4 insize=0 outsize=44 ok=1
Cmd: disassembleShader
  api=4 insize=0 outsize=44 ok=1
Cmd: disassembleShader
  api=5 insize=0 outsize=43 ok=1
Cmd: disassembleShader
  api=4 insize=0 outsize=44 ok=1
Cmd: disassembleShader
  api=4 insize=0 outsize=44 ok=1
Cmd: disassembleShader
  api=5 insize=0 outsize=43 ok=1
Cmd: disassembleShader
  api=4 insize=0 outsize=44 ok=1
Cmd: disassembleShader
  api=4 insize=0 outsize=44 ok=1
Cmd: disassembleShader
  api=5 insize=0 outsize=43 ok=1
Cmd: disassembleShader
  api=4 insize=0 outsize=44 ok=1
Cmd: disassembleShader
  api=4 insize=0 outsize=44 ok=1
Cmd: disassembleShader
  api=5 insize=0 outsize=43 ok=1
Cmd: disassembleShader
  api=4 insize=0 outsize=44 ok=1
Cmd: disassembleShader
  api=4 insize=0 outsize=44 ok=1
Cmd: disassembleShader
  api=5 insize=0 outsize=43 ok=1
Cmd: disassembleShader
  api=4 insize=0 outsize=44 ok=1
Cmd: disassembleShader
  api=4 insize=0 outsize=44 ok=1
Cmd: disassembleShader
  api=5 insize=0 outsize=43 ok=1
Cmd: disassembleShader
  api=4 insize=0 outsize=44 ok=1
Cmd: disassembleShader
  api=4 insize=0 outsize=44 ok=1
Cmd: disassembleShader
  api=5 insize=0 outsize=43 ok=1
Cmd: disassembleShader
  api=4 insize=0 outsize=44 ok=1
Cmd: disassembleShader
  api=4 insize=0 outsize=44 ok=1
Cmd: disassembleShader
  api=5 insize=0 outsize=43 ok=1
Cmd: disassembleShader
  api=4 insize=0 outsize=44 ok=1
Cmd: disassembleShader
  api=4 insize=0 outsize=44 ok=1
Cmd: disassembleShader
  api=5 insize=0 outsize=43 ok=1
Cmd: disassembleShader
  api=4 insize=0 outsize=44 ok=1
Cmd: disassembleShader
  api=4 insize=0 outsize=44 ok=1
Cmd: disassembleShader
  api=5 insize=0 outsize=43 ok=1
Cmd: disassembleShader
  api=4 insize=0 outsize=44 ok=1
Cmd: disassembleShader
  api=4 insize=0 outsize=44 ok=1
Cmd: disassembleShader
  api=5 insize=0 outsize=43 ok=1
Cmd: disassembleShader
  api=4 insize=0 outsize=44 ok=1
Cmd: disassembleShader
  api=4 insize=0 outsize=44 ok=1
Cmd: disassembleShader
  api=5 insize=0 outsize=43 ok=1
Cmd: disassembleShader
  api=4 insize=0 outsize=44 ok=1
Cmd: disassembleShader
  api=4 insize=0 outsize=44 ok=1
Cmd: disassembleShader
  api=5 insize=0 outsize=43 ok=1
Cmd: disassembleShader
  api=4 insize=0 outsize=44 ok=1
Cmd: disassembleShader
  api=4 insize=0 outsize=44 ok=1
Cmd: disassembleShader
  api=5 insize=0 outsize=43 ok=1
Cmd: disassembleShader
  api=4 insize=0 outsize=44 ok=1
Cmd: disassembleShader
  api=4 insize=0 outsize=44 ok=1
Cmd: disassembleShader
  api=5 insize=0 outsize=43 ok=1
Cmd: disassembleShader
  api=4 insize=0 outsize=44 ok=1
Cmd: disassembleShader
  api=4 insize=0 outsize=44 ok=1
Cmd: disassembleShader
  api=5 insize=0 outsize=43 ok=1
Cmd: disassembleShader
  api=4 insize=0 outsize=44 ok=1
Cmd: disassembleShader
  api=4 insize=0 outsize=44 ok=1
Cmd: disassembleShader
  api=5 insize=0 outsize=43 ok=1
Cmd: disassembleShader
  api=4 insize=0 outsize=44 ok=1
Cmd: disassembleShader
  api=4 insize=0 outsize=44 ok=1
Cmd: disassembleShader
  api=5 insize=0 outsize=43 ok=1
Cmd: disassembleShader
  api=4 insize=0 outsize=44 ok=1
Cmd: disassembleShader
  api=4 insize=0 outsize=44 ok=1
Cmd: disassembleShader
  api=5 insize=0 outsize=43 ok=1
Cmd: disassembleShader
  api=4 insize=0 outsize=44 ok=1
Cmd: disassembleShader
  api=4 insize=0 outsize=44 ok=1
Cmd: disassembleShader
  api=5 insize=0 outsize=43 ok=1
Cmd: disassembleShader
  api=4 insize=0 outsize=44 ok=1
Cmd: disassembleShader
  api=4 insize=0 outsize=44 ok=1
Cmd: disassembleShader
  api=5 insize=0 outsize=43 ok=1
Cmd: disassembleShader
  api=4 insize=0 outsize=44 ok=1
Cmd: disassembleShader
  api=4 insize=0 outsize=44 ok=1
Cmd: disassembleShader
  api=5 insize=0 outsize=43 ok=1
Cmd: disassembleShader
  api=4 insize=0 outsize=44 ok=1
Cmd: disassembleShader
  api=4 insize=0 outsize=44 ok=1
Cmd: disassembleShader
  api=5 insize=0 outsize=43 ok=1
Cmd: disassembleShader
  api=4 insize=0 outsize=44 ok=1
Cmd: disassembleShader
  api=4 insize=0 outsize=44 ok=1
Cmd: disassembleShader
  api=5 insize=0 outsize=43 ok=1
Cmd: disassembleShader
  api=4 insize=0 outsize=44 ok=1
Cmd: disassembleShader
  api=4 insize=0 outsize=44 ok=1
Cmd: disassembleShader
  api=5 insize=0 outsize=43 ok=1
Cmd: disassembleShader
  api=4 insize=0 outsize=44 ok=1
Cmd: disassembleShader
  api=4 insize=0 outsize=44 ok=1
Cmd: disassembleShader
  api=5 insize=0 outsize=43 ok=1
Cmd: disassembleShader
  api=4 insize=0 outsize=44 ok=1
Cmd: disassembleShader
  api=4 insize=0 outsize=44 ok=1
Cmd: disassembleShader
  api=5 insize=0 outsize=43 ok=1
Cmd: disassembleShader
  api=4 insize=0 outsize=44 ok=1
Cmd: disassembleShader
  api=4 insize=0 outsize=44 ok=1
Cmd: disassembleShader
  api=5 insize=0 outsize=43 ok=1
Cmd: disassembleShader
  api=4 insize=0 outsize=44 ok=1
Cmd: disassembleShader
  api=4 insize=0 outsize=44 ok=1
Cmd: disassembleShader
  api=5 insize=0 outsize=43 ok=1
Cmd: disassembleShader
  api=4 insize=0 outsize=44 ok=1
Cmd: disassembleShader
  api=4 insize=0 outsize=44 ok=1
Cmd: disassembleShader
  api=5 insize=0 outsize=43 ok=1
Cmd: disassembleShader
  api=4 insize=0 outsize=44 ok=1
Cmd: disassembleShader
  api=4 insize=0 outsize=44 ok=1
Cmd: disassembleShader
  api=5 insize=0 outsize=43 ok=1
Cmd: disassembleShader
  api=4 insize=0 outsize=44 ok=1
Cmd: disassembleShader
  api=4 insize=0 outsize=44 ok=1
Cmd: disassembleShader
  api=5 insize=0 outsize=43 ok=1
Cmd: disassembleShader
  api=4 insize=0 outsize=44 ok=1
Cmd: disassembleShader
  api=4 insize=0 outsize=44 ok=1
Cmd: disassembleShader
  api=5 insize=0 outsize=43 ok=1
Cmd: disassembleShader
  api=4 insize=0 outsize=44 ok=1
Cmd: disassembleShader
  api=4 insize=0 outsize=44 ok=1
Cmd: disassembleShader
  api=5 insize=0 outsize=43 ok=1
Cmd: disassembleShader
  api=5 insize=2171 outsize=2171 ok=1
Cmd: disassembleShader
  api=5 insize=958 outsize=958 ok=1
Cmd: disassembleShader
  api=4 insize=3983 outsize=3983 ok=1
Cmd: disassembleShader
  api=5 insize=2652 outsize=2652 ok=1
Cmd: disassembleShader
  api=5 insize=1439 outsize=1439 ok=1
Cmd: disassembleShader
  api=4 insize=0 outsize=44 ok=1
Cmd: disassembleShader
  api=5 insize=0 outsize=43 ok=1
Cmd: disassembleShader
  api=5 insize=0 outsize=43 ok=1
Cmd: disassembleShader
  api=4 insize=0 outsize=44 ok=1
Cmd: disassembleShader
  api=5 insize=5314 outsize=5314 ok=1
Cmd: disassembleShader
  api=5 insize=5656 outsize=5656 ok=1
Cmd: disassembleShader
  api=4 insize=6276 outsize=6276 ok=1
Cmd: disassembleShader
  api=5 insize=5314 outsize=5314 ok=1
Cmd: disassembleShader
  api=5 insize=5394 outsize=5394 ok=1
Cmd: disassembleShader
  api=4 insize=6276 outsize=6276 ok=1
Cmd: disassembleShader
  api=5 insize=5368 outsize=5368 ok=1
Cmd: disassembleShader
  api=5 insize=5710 outsize=5710 ok=1
Cmd: disassembleShader
  api=4 insize=6763 outsize=6763 ok=1
Cmd: disassembleShader
  api=5 insize=7181 outsize=7181 ok=1
Cmd: disassembleShader
  api=5 insize=7261 outsize=7261 ok=1
Cmd: disassembleShader
  api=4 insize=6999 outsize=6999 ok=1
Cmd: disassembleShader
  api=5 insize=6919 outsize=6919 ok=1
Cmd: disassembleShader
  api=5 insize=7261 outsize=7261 ok=1
Cmd: disassembleShader
  api=4 insize=6823 outsize=6823 ok=1
Cmd: disassembleShader
  api=5 insize=7235 outsize=7235 ok=1
Cmd: disassembleShader
  api=5 insize=6999 outsize=6999 ok=1
Cmd: disassembleShader
  api=4 insize=6763 outsize=6763 ok=1
Cmd: disassembleShader
  api=5 insize=7181 outsize=7181 ok=1
Cmd: disassembleShader
  api=5 insize=7282 outsize=7282 ok=1
Cmd: disassembleShader
  api=4 insize=6763 outsize=6763 ok=1
Cmd: disassembleShader
  api=5 insize=7181 outsize=7181 ok=1
Cmd: disassembleShader
  api=5 insize=7047 outsize=7047 ok=1
Cmd: disassembleShader
  api=4 insize=6834 outsize=6834 ok=1
Cmd: disassembleShader
  api=5 insize=5385 outsize=5385 ok=1
Cmd: disassembleShader
  api=5 insize=5385 outsize=5385 ok=1
Cmd: disassembleShader
  api=4 insize=6230 outsize=6230 ok=1
Cmd: disassembleShader
  api=5 insize=5517 outsize=5517 ok=1
Cmd: disassembleShader
  api=5 insize=5385 outsize=5385 ok=1
Cmd: disassembleShader
  api=4 insize=6015 outsize=6015 ok=1
Cmd: disassembleShader
  api=5 insize=5433 outsize=5433 ok=1
Cmd: disassembleShader
  api=5 insize=5439 outsize=5439 ok=1
Cmd: disassembleShader
  api=4 insize=6301 outsize=6301 ok=1
Cmd: disassembleShader
  api=5 insize=6990 outsize=6990 ok=1
Cmd: disassembleShader
  api=5 insize=7181 outsize=7181 ok=1
Cmd: disassembleShader
  api=4 insize=6932 outsize=6932 ok=1
Cmd: disassembleShader
  api=5 insize=6990 outsize=6990 ok=1
Cmd: disassembleShader
  api=5 insize=6990 outsize=6990 ok=1
Cmd: disassembleShader
  api=4 insize=6932 outsize=6932 ok=1
Cmd: disassembleShader
  api=5 insize=7044 outsize=7044 ok=1
Cmd: disassembleShader
  api=5 insize=7235 outsize=7235 ok=1
Cmd: disassembleShader
  api=4 insize=6717 outsize=6717 ok=1
Cmd: disassembleShader
  api=5 insize=7101 outsize=7101 ok=1
Cmd: disassembleShader
  api=5 insize=7181 outsize=7181 ok=1
Cmd: disassembleShader
  api=4 insize=6953 outsize=6953 ok=1
Cmd: disassembleShader
  api=5 insize=6990 outsize=6990 ok=1
Cmd: disassembleShader
  api=5 insize=7181 outsize=7181 ok=1
Cmd: disassembleShader
  api=4 insize=6777 outsize=6777 ok=1
Cmd: disassembleShader
  api=5 insize=7155 outsize=7155 ok=1
Cmd: disassembleShader
  api=5 insize=0 outsize=43 ok=1
Cmd: disassembleShader
  api=4 insize=0 outsize=44 ok=1
Cmd: disassembleShader
  api=4 insize=0 outsize=44 ok=1
Cmd: disassembleShader
  api=5 insize=0 outsize=43 ok=1
Cmd: disassembleShader
  api=4 insize=0 outsize=44 ok=1
Cmd: disassembleShader
  api=4 insize=0 outsize=44 ok=1
Cmd: disassembleShader
  api=5 insize=0 outsize=43 ok=1
Cmd: disassembleShader
  api=4 insize=0 outsize=44 ok=1
Cmd: disassembleShader
  api=4 insize=0 outsize=44 ok=1
Cmd: disassembleShader
  api=5 insize=0 outsize=43 ok=1
Cmd: disassembleShader
  api=4 insize=0 outsize=44 ok=1
Cmd: disassembleShader
  api=4 insize=0 outsize=44 ok=1
Cmd: disassembleShader
  api=5 insize=0 outsize=43 ok=1
Cmd: disassembleShader
  api=4 insize=0 outsize=44 ok=1
Cmd: disassembleShader
  api=4 insize=0 outsize=44 ok=1
Cmd: disassembleShader
  api=5 insize=0 outsize=43 ok=1
Cmd: disassembleShader
  api=4 insize=0 outsize=44 ok=1
Cmd: disassembleShader
  api=4 insize=0 outsize=44 ok=1
Cmd: disassembleShader
  api=5 insize=0 outsize=43 ok=1
Cmd: disassembleShader
  api=4 insize=0 outsize=44 ok=1
Cmd: disassembleShader
  api=4 insize=0 outsize=44 ok=1
Cmd: disassembleShader
  api=5 insize=0 outsize=43 ok=1
Cmd: disassembleShader
  api=4 insize=0 outsize=44 ok=1
Cmd: disassembleShader
  api=4 insize=0 outsize=44 ok=1
Cmd: disassembleShader
  api=5 insize=0 outsize=43 ok=1
Cmd: disassembleShader
  api=4 insize=0 outsize=44 ok=1
Cmd: disassembleShader
  api=4 insize=0 outsize=44 ok=1
Cmd: disassembleShader
  api=5 insize=0 outsize=43 ok=1
Cmd: disassembleShader
  api=4 insize=0 outsize=44 ok=1
Cmd: disassembleShader
  api=4 insize=0 outsize=44 ok=1
Cmd: disassembleShader
  api=5 insize=0 outsize=43 ok=1
Cmd: disassembleShader
  api=4 insize=0 outsize=44 ok=1
Cmd: disassembleShader
  api=4 insize=0 outsize=44 ok=1
Cmd: disassembleShader
  api=5 insize=0 outsize=43 ok=1
Cmd: disassembleShader
  api=4 insize=0 outsize=44 ok=1
Cmd: disassembleShader
  api=4 insize=0 outsize=44 ok=1
Cmd: disassembleShader
  api=5 insize=0 outsize=43 ok=1
Cmd: disassembleShader
  api=4 insize=0 outsize=44 ok=1
Cmd: disassembleShader
  api=4 insize=0 outsize=44 ok=1
Cmd: disassembleShader
  api=5 insize=0 outsize=43 ok=1
Cmd: disassembleShader
  api=4 insize=0 outsize=44 ok=1
Cmd: disassembleShader
  api=4 insize=0 outsize=44 ok=1
Cmd: disassembleShader
  api=5 insize=0 outsize=43 ok=1
Cmd: disassembleShader
  api=4 insize=0 outsize=44 ok=1
Cmd: disassembleShader
  api=4 insize=0 outsize=44 ok=1
Cmd: disassembleShader
  api=5 insize=0 outsize=43 ok=1
Cmd: disassembleShader
  api=4 insize=0 outsize=44 ok=1
Cmd: disassembleShader
  api=4 insize=0 outsize=44 ok=1
Cmd: disassembleShader
  api=5 insize=0 outsize=43 ok=1
Cmd: disassembleShader
  api=4 insize=8187 outsize=8187 ok=1
Cmd: disassembleShader
  api=4 insize=9353 outsize=9353 ok=1
Cmd: disassembleShader
  api=5 insize=9554 outsize=9554 ok=1
Cmd: disassembleShader
  api=4 insize=8538 outsize=8538 ok=1
Cmd: disassembleShader
  api=4 insize=9976 outsize=9976 ok=1
Cmd: disassembleShader
  api=5 insize=9955 outsize=9955 ok=1
Cmd: disassembleShader
  api=4 insize=7652 outsize=7652 ok=1
Cmd: disassembleShader
  api=4 insize=8874 outsize=8874 ok=1
Cmd: disassembleShader
  api=5 insize=9206 outsize=9206 ok=1
Cmd: disassembleShader
  api=4 insize=8151 outsize=8151 ok=1
Cmd: disassembleShader
  api=4 insize=9497 outsize=9497 ok=1
Cmd: disassembleShader
  api=5 insize=9607 outsize=9607 ok=1
Cmd: disassembleShader
  api=4 insize=8254 outsize=8254 ok=1
Cmd: disassembleShader
  api=4 insize=9568 outsize=9568 ok=1
Cmd: disassembleShader
  api=5 insize=9724 outsize=9724 ok=1
Cmd: disassembleShader
  api=4 insize=8753 outsize=8753 ok=1
Cmd: disassembleShader
  api=4 insize=10191 outsize=10191 ok=1
Cmd: disassembleShader
  api=5 insize=10125 outsize=10125 ok=1
Cmd: disassembleShader
  api=4 insize=7867 outsize=7867 ok=1
Cmd: disassembleShader
  api=4 insize=9089 outsize=9089 ok=1
Cmd: disassembleShader
  api=5 insize=9376 outsize=9376 ok=1
Cmd: disassembleShader
  api=4 insize=8366 outsize=8366 ok=1
Cmd: disassembleShader
  api=4 insize=9712 outsize=9712 ok=1
Cmd: disassembleShader
  api=5 insize=9777 outsize=9777 ok=1
Cmd: disassembleShader
  api=4 insize=7341 outsize=7341 ok=1
Cmd: disassembleShader
  api=4 insize=8398 outsize=8398 ok=1
Cmd: disassembleShader
  api=5 insize=8514 outsize=8514 ok=1
Cmd: disassembleShader
  api=4 insize=7870 outsize=7870 ok=1
Cmd: disassembleShader
  api=4 insize=9021 outsize=9021 ok=1
Cmd: disassembleShader
  api=5 insize=8915 outsize=8915 ok=1
Cmd: disassembleShader
  api=4 insize=8273 outsize=8273 ok=1
Cmd: disassembleShader
  api=4 insize=9540 outsize=9540 ok=1
Cmd: disassembleShader
  api=5 insize=9810 outsize=9810 ok=1
Cmd: disassembleShader
  api=4 insize=8799 outsize=8799 ok=1
Cmd: disassembleShader
  api=4 insize=10163 outsize=10163 ok=1
Cmd: disassembleShader
  api=5 insize=10211 outsize=10211 ok=1
Cmd: disassembleShader
  api=4 insize=8098 outsize=8098 ok=1
Cmd: disassembleShader
  api=4 insize=9419 outsize=9419 ok=1
Cmd: disassembleShader
  api=5 insize=9574 outsize=9574 ok=1
Cmd: disassembleShader
  api=4 insize=8597 outsize=8597 ok=1
Cmd: disassembleShader
  api=4 insize=9924 outsize=9924 ok=1
Cmd: disassembleShader
  api=5 insize=9975 outsize=9975 ok=1
Cmd: disassembleShader
  api=4 insize=7717 outsize=7717 ok=1
Cmd: disassembleShader
  api=4 insize=8924 outsize=8924 ok=1
Cmd: disassembleShader
  api=5 insize=9226 outsize=9226 ok=1
Cmd: disassembleShader
  api=4 insize=8216 outsize=8216 ok=1
Cmd: disassembleShader
  api=4 insize=9440 outsize=9440 ok=1
Cmd: disassembleShader
  api=5 insize=9627 outsize=9627 ok=1
Cmd: disassembleShader
  api=4 insize=7929 outsize=7929 ok=1
Cmd: disassembleShader
  api=4 insize=9140 outsize=9140 ok=1
Cmd: disassembleShader
  api=5 insize=9396 outsize=9396 ok=1
Cmd: disassembleShader
  api=4 insize=8428 outsize=8428 ok=1
Cmd: disassembleShader
  api=4 insize=9656 outsize=9656 ok=1
Cmd: disassembleShader
  api=5 insize=9797 outsize=9797 ok=1
Cmd: disassembleShader
  api=4 insize=7411 outsize=7411 ok=1
Cmd: disassembleShader
  api=4 insize=8524 outsize=8524 ok=1
Cmd: disassembleShader
  api=5 insize=8534 outsize=8534 ok=1
Cmd: disassembleShader
  api=4 insize=7940 outsize=7940 ok=1
Cmd: disassembleShader
  api=4 insize=9012 outsize=9012 ok=1
Cmd: disassembleShader
  api=5 insize=8935 outsize=8935 ok=1
Cmd: disassembleShader
  api=4 insize=8152 outsize=8152 ok=1
Cmd: disassembleShader
  api=4 insize=9473 outsize=9473 ok=1
Cmd: disassembleShader
  api=5 insize=9651 outsize=9651 ok=1
Cmd: disassembleShader
  api=4 insize=8651 outsize=8651 ok=1
Cmd: disassembleShader
  api=4 insize=9975 outsize=9975 ok=1
Cmd: disassembleShader
  api=5 insize=10052 outsize=10052 ok=1
Cmd: disassembleShader
  api=4 insize=8113 outsize=8113 ok=1
Cmd: disassembleShader
  api=4 insize=9375 outsize=9375 ok=1
Cmd: disassembleShader
  api=5 insize=9670 outsize=9670 ok=1
Cmd: disassembleShader
  api=4 insize=8639 outsize=8639 ok=1
Cmd: disassembleShader
  api=4 insize=9998 outsize=9998 ok=1
Cmd: disassembleShader
  api=5 insize=10071 outsize=10071 ok=1
Cmd: disassembleShader
  api=4 insize=8328 outsize=8328 ok=1
Cmd: disassembleShader
  api=4 insize=9595 outsize=9595 ok=1
Cmd: disassembleShader
  api=5 insize=9840 outsize=9840 ok=1
Cmd: disassembleShader
  api=4 insize=8854 outsize=8854 ok=1
Cmd: disassembleShader
  api=4 insize=10218 outsize=10218 ok=1
Cmd: disassembleShader
  api=5 insize=10241 outsize=10241 ok=1
Cmd: disassembleShader
  api=5 insize=0 outsize=43 ok=1
Cmd: disassembleShader
  api=5 insize=0 outsize=43 ok=1
Cmd: disassembleShader
  api=4 insize=0 outsize=44 ok=1
Cmd: disassembleShader
  api=5 insize=0 outsize=43 ok=1
Cmd: disassembleShader
  api=5 insize=0 outsize=43 ok=1
Cmd: disassembleShader
  api=4 insize=0 outsize=44 ok=1
Cmd: disassembleShader
  api=5 insize=0 outsize=43 ok=1
Cmd: disassembleShader
  api=5 insize=0 outsize=43 ok=1
Cmd: disassembleShader
  api=4 insize=0 outsize=44 ok=1
Cmd: disassembleShader
  api=5 insize=0 outsize=43 ok=1
Cmd: disassembleShader
  api=5 insize=0 outsize=43 ok=1
Cmd: disassembleShader
  api=4 insize=0 outsize=44 ok=1
Cmd: disassembleShader
  api=5 insize=0 outsize=43 ok=1
Cmd: disassembleShader
  api=5 insize=0 outsize=43 ok=1
Cmd: disassembleShader
  api=4 insize=0 outsize=44 ok=1
Cmd: disassembleShader
  api=5 insize=0 outsize=43 ok=1
Cmd: disassembleShader
  api=5 insize=0 outsize=43 ok=1
Cmd: disassembleShader
  api=4 insize=0 outsize=44 ok=1
Cmd: disassembleShader
  api=5 insize=0 outsize=43 ok=1
Cmd: disassembleShader
  api=5 insize=0 outsize=43 ok=1
Cmd: disassembleShader
  api=4 insize=0 outsize=44 ok=1
Cmd: disassembleShader
  api=5 insize=0 outsize=43 ok=1
Cmd: disassembleShader
  api=5 insize=0 outsize=43 ok=1
Cmd: disassembleShader
  api=4 insize=0 outsize=44 ok=1
Cmd: disassembleShader
  api=5 insize=0 outsize=43 ok=1
Cmd: disassembleShader
  api=5 insize=0 outsize=43 ok=1
Cmd: disassembleShader
  api=4 insize=0 outsize=44 ok=1
Cmd: disassembleShader
  api=5 insize=0 outsize=43 ok=1
Cmd: disassembleShader
  api=5 insize=0 outsize=43 ok=1
Cmd: disassembleShader
  api=4 insize=0 outsize=44 ok=1
Cmd: disassembleShader
  api=5 insize=0 outsize=43 ok=1
Cmd: disassembleShader
  api=5 insize=0 outsize=43 ok=1
Cmd: disassembleShader
  api=4 insize=0 outsize=44 ok=1
Cmd: disassembleShader
  api=5 insize=0 outsize=43 ok=1
Cmd: disassembleShader
  api=5 insize=0 outsize=43 ok=1
Cmd: disassembleShader
  api=4 insize=0 outsize=44 ok=1
Cmd: disassembleShader
  api=5 insize=0 outsize=43 ok=1
Cmd: disassembleShader
  api=5 insize=0 outsize=43 ok=1
Cmd: disassembleShader
  api=4 insize=0 outsize=44 ok=1
Cmd: disassembleShader
  api=4 insize=6499 outsize=6499 ok=1
Cmd: disassembleShader
  api=4 insize=4888 outsize=4888 ok=1
Cmd: disassembleShader
  api=4 insize=6926 outsize=6926 ok=1
Cmd: disassembleShader
  api=5 insize=4944 outsize=4944 ok=1
Cmd: disassembleShader
  api=4 insize=7277 outsize=7277 ok=1
Cmd: disassembleShader
  api=4 insize=6550 outsize=6550 ok=1
Cmd: disassembleShader
  api=5 insize=5942 outsize=5942 ok=1
Cmd: disassembleShader
  api=4 insize=7059 outsize=7059 ok=1
Cmd: disassembleShader
  api=4 insize=6975 outsize=6975 ok=1
Cmd: disassembleShader
  api=5 insize=5825 outsize=5825 ok=1
Cmd: disassembleShader
  api=4 insize=6498 outsize=6498 ok=1
Cmd: disassembleShader
  api=4 insize=6777 outsize=6777 ok=1
Cmd: disassembleShader
  api=5 insize=5680 outsize=5680 ok=1
Cmd: disassembleShader
  api=4 insize=6960 outsize=6960 ok=1
Cmd: disassembleShader
  api=4 insize=7841 outsize=7841 ok=1
Cmd: disassembleShader
  api=5 insize=4349 outsize=4349 ok=1
Cmd: disassembleShader
  api=4 insize=4151 outsize=4151 ok=1
Cmd: disassembleShader
  api=4 insize=5992 outsize=5992 ok=1
Cmd: disassembleShader
  api=5 insize=4156 outsize=4156 ok=1
Cmd: disassembleShader
  api=4 insize=6527 outsize=6527 ok=1
Cmd: disassembleShader
  api=4 insize=5611 outsize=5611 ok=1
Cmd: disassembleShader
  api=5 insize=5151 outsize=5151 ok=1
Cmd: disassembleShader
  api=4 insize=6297 outsize=6297 ok=1
Cmd: disassembleShader
  api=4 insize=6032 outsize=6032 ok=1
Cmd: disassembleShader
  api=5 insize=5025 outsize=5025 ok=1
Cmd: disassembleShader
  api=4 insize=5826 outsize=5826 ok=1
Cmd: disassembleShader
  api=4 insize=5834 outsize=5834 ok=1
Cmd: disassembleShader
  api=5 insize=4880 outsize=4880 ok=1
Cmd: disassembleShader
  api=4 insize=6296 outsize=6296 ok=1
Cmd: disassembleShader
  api=4 insize=6903 outsize=6903 ok=1
Cmd: disassembleShader
  api=5 insize=5164 outsize=5164 ok=1
Cmd: disassembleShader
  api=4 insize=4896 outsize=4896 ok=1
Cmd: disassembleShader
  api=4 insize=6900 outsize=6900 ok=1
Cmd: disassembleShader
  api=5 insize=4964 outsize=4964 ok=1
Cmd: disassembleShader
  api=4 insize=7269 outsize=7269 ok=1
Cmd: disassembleShader
  api=4 insize=6524 outsize=6524 ok=1
Cmd: disassembleShader
  api=5 insize=6014 outsize=6014 ok=1
Cmd: disassembleShader
  api=4 insize=6963 outsize=6963 ok=1
Cmd: disassembleShader
  api=4 insize=6900 outsize=6900 ok=1
Cmd: disassembleShader
  api=5 insize=5845 outsize=5845 ok=1
Cmd: disassembleShader
  api=4 insize=6525 outsize=6525 ok=1
Cmd: disassembleShader
  api=4 insize=6701 outsize=6701 ok=1
Cmd: disassembleShader
  api=5 insize=5700 outsize=5700 ok=1
Cmd: disassembleShader
  api=4 insize=7031 outsize=7031 ok=1
Cmd: disassembleShader
  api=4 insize=7773 outsize=7773 ok=1
Cmd: disassembleShader
  api=5 insize=4369 outsize=4369 ok=1
Cmd: disassembleShader
  api=4 insize=4210 outsize=4210 ok=1
Cmd: disassembleShader
  api=4 insize=6066 outsize=6066 ok=1
Cmd: disassembleShader
  api=5 insize=4176 outsize=4176 ok=1
Cmd: disassembleShader
  api=4 insize=6586 outsize=6586 ok=1
Cmd: disassembleShader
  api=4 insize=5707 outsize=5707 ok=1
Cmd: disassembleShader
  api=5 insize=5224 outsize=5224 ok=1
Cmd: disassembleShader
  api=4 insize=6220 outsize=6220 ok=1
Cmd: disassembleShader
  api=4 insize=6008 outsize=6008 ok=1
Cmd: disassembleShader
  api=5 insize=5045 outsize=5045 ok=1
Cmd: disassembleShader
  api=4 insize=5904 outsize=5904 ok=1
Cmd: disassembleShader
  api=4 insize=5809 outsize=5809 ok=1
Cmd: disassembleShader
  api=5 insize=4900 outsize=4900 ok=1
Cmd: disassembleShader
  api=4 insize=6355 outsize=6355 ok=1
Cmd: disassembleShader
  api=4 insize=6846 outsize=6846 ok=1
Cmd: disassembleShader
  api=5 insize=5231 outsize=5231 ok=1
Cmd: disassembleShader
  api=4 insize=5050 outsize=5050 ok=1
Cmd: disassembleShader
  api=4 insize=7014 outsize=7014 ok=1
Cmd: disassembleShader
  api=5 insize=5033 outsize=5033 ok=1
Cmd: disassembleShader
  api=4 insize=7383 outsize=7383 ok=1
Cmd: disassembleShader
  api=4 insize=6638 outsize=6638 ok=1
Cmd: disassembleShader
  api=5 insize=6044 outsize=6044 ok=1
Cmd: disassembleShader
  api=4 insize=7039 outsize=7039 ok=1
Cmd: disassembleShader
  api=4 insize=6951 outsize=6951 ok=1
Cmd: disassembleShader
  api=5 insize=5910 outsize=5910 ok=1
Cmd: disassembleShader
  api=4 insize=6679 outsize=6679 ok=1
Cmd: disassembleShader
  api=4 insize=6752 outsize=6752 ok=1
Cmd: disassembleShader
  api=5 insize=5765 outsize=5765 ok=1
Cmd: disassembleShader
  api=4 insize=7126 outsize=7126 ok=1
Cmd: disassembleShader
  api=4 insize=7824 outsize=7824 ok=1
Cmd: disassembleShader
  api=5 insize=5250 outsize=5250 ok=1
Cmd: disassembleShader
  api=4 insize=4987 outsize=4987 ok=1
Cmd: disassembleShader
  api=4 insize=6994 outsize=6994 ok=1
Cmd: disassembleShader
  api=5 insize=5052 outsize=5052 ok=1
Cmd: disassembleShader
  api=4 insize=7363 outsize=7363 ok=1
Cmd: disassembleShader
  api=4 insize=6618 outsize=6618 ok=1
Cmd: disassembleShader
  api=5 insize=6115 outsize=6115 ok=1
Cmd: disassembleShader
  api=4 insize=7118 outsize=7118 ok=1
Cmd: disassembleShader
  api=4 insize=7043 outsize=7043 ok=1
Cmd: disassembleShader
  api=5 insize=5929 outsize=5929 ok=1
Cmd: disassembleShader
  api=4 insize=6621 outsize=6621 ok=1
Cmd: disassembleShader
  api=4 insize=6845 outsize=6845 ok=1
Cmd: disassembleShader
  api=5 insize=5784 outsize=5784 ok=1
Cmd: disassembleShader
  api=4 insize=7068 outsize=7068 ok=1
Cmd: disassembleShader
  api=4 insize=7934 outsize=7934 ok=1
Cmd: disassembleShader
  api=5 insize=0 outsize=43 ok=1
Cmd: disassembleShader
  api=4 insize=0 outsize=44 ok=1
Cmd: disassembleShader
  api=4 insize=0 outsize=44 ok=1
Cmd: disassembleShader
  api=5 insize=0 outsize=43 ok=1
Cmd: disassembleShader
  api=4 insize=0 outsize=44 ok=1
Cmd: disassembleShader
  api=4 insize=0 outsize=44 ok=1
Cmd: disassembleShader
  api=5 insize=0 outsize=43 ok=1
Cmd: disassembleShader
  api=4 insize=0 outsize=44 ok=1
Cmd: disassembleShader
  api=4 insize=0 outsize=44 ok=1
Cmd: disassembleShader
  api=5 insize=0 outsize=43 ok=1
Cmd: disassembleShader
  api=4 insize=0 outsize=44 ok=1
Cmd: disassembleShader
  api=4 insize=0 outsize=44 ok=1
Cmd: disassembleShader
  api=5 insize=0 outsize=43 ok=1
Cmd: disassembleShader
  api=4 insize=0 outsize=44 ok=1
Cmd: disassembleShader
  api=4 insize=0 outsize=44 ok=1
Cmd: disassembleShader
  api=5 insize=0 outsize=43 ok=1
Cmd: disassembleShader
  api=4 insize=0 outsize=44 ok=1
Cmd: disassembleShader
  api=4 insize=0 outsize=44 ok=1
Cmd: disassembleShader
  api=5 insize=0 outsize=43 ok=1
Cmd: disassembleShader
  api=4 insize=0 outsize=44 ok=1
Cmd: disassembleShader
  api=4 insize=0 outsize=44 ok=1
Cmd: disassembleShader
  api=5 insize=0 outsize=43 ok=1
Cmd: disassembleShader
  api=4 insize=0 outsize=44 ok=1
Cmd: disassembleShader
  api=4 insize=0 outsize=44 ok=1
Cmd: disassembleShader
  api=5 insize=0 outsize=43 ok=1
Cmd: disassembleShader
  api=4 insize=0 outsize=44 ok=1
Cmd: disassembleShader
  api=4 insize=0 outsize=44 ok=1
Cmd: disassembleShader
  api=5 insize=0 outsize=43 ok=1
Cmd: disassembleShader
  api=4 insize=0 outsize=44 ok=1
Cmd: disassembleShader
  api=4 insize=0 outsize=44 ok=1
Cmd: disassembleShader
  api=5 insize=0 outsize=43 ok=1
Cmd: disassembleShader
  api=4 insize=0 outsize=44 ok=1
Cmd: disassembleShader
  api=4 insize=0 outsize=44 ok=1
Cmd: disassembleShader
  api=5 insize=0 outsize=43 ok=1
Cmd: disassembleShader
  api=4 insize=0 outsize=44 ok=1
Cmd: disassembleShader
  api=4 insize=0 outsize=44 ok=1
Cmd: disassembleShader
  api=5 insize=0 outsize=43 ok=1
Cmd: disassembleShader
  api=4 insize=0 outsize=44 ok=1
Cmd: disassembleShader
  api=4 insize=0 outsize=44 ok=1
Cmd: disassembleShader
  api=5 insize=0 outsize=43 ok=1
Cmd: disassembleShader
  api=4 insize=0 outsize=44 ok=1
Cmd: disassembleShader
  api=4 insize=0 outsize=44 ok=1
Cmd: disassembleShader
  api=5 insize=0 outsize=43 ok=1
Cmd: disassembleShader
  api=4 insize=0 outsize=44 ok=1
Cmd: disassembleShader
  api=4 insize=0 outsize=44 ok=1
Cmd: disassembleShader
  api=5 insize=0 outsize=43 ok=1
Cmd: disassembleShader
  api=4 insize=0 outsize=44 ok=1
Cmd: disassembleShader
  api=4 insize=0 outsize=44 ok=1
Cmd: disassembleShader
  api=5 insize=0 outsize=43 ok=1
Cmd: disassembleShader
  api=4 insize=0 outsize=44 ok=1
Cmd: disassembleShader
  api=4 insize=0 outsize=44 ok=1
Cmd: disassembleShader
  api=5 insize=0 outsize=43 ok=1
Cmd: disassembleShader
  api=4 insize=0 outsize=44 ok=1
Cmd: disassembleShader
  api=4 insize=0 outsize=44 ok=1
Cmd: disassembleShader
  api=5 insize=0 outsize=43 ok=1
Cmd: disassembleShader
  api=4 insize=0 outsize=44 ok=1
Cmd: disassembleShader
  api=4 insize=0 outsize=44 ok=1
Cmd: disassembleShader
  api=5 insize=0 outsize=43 ok=1
Cmd: disassembleShader
  api=4 insize=0 outsize=44 ok=1
Cmd: disassembleShader
  api=4 insize=0 outsize=44 ok=1
Cmd: disassembleShader
  api=5 insize=0 outsize=43 ok=1
Cmd: disassembleShader
  api=4 insize=0 outsize=44 ok=1
Cmd: disassembleShader
  api=4 insize=0 outsize=44 ok=1
Cmd: disassembleShader
  api=5 insize=0 outsize=43 ok=1
Cmd: disassembleShader
  api=4 insize=0 outsize=44 ok=1
Cmd: disassembleShader
  api=4 insize=0 outsize=44 ok=1
Cmd: disassembleShader
  api=5 insize=0 outsize=43 ok=1
Cmd: disassembleShader
  api=4 insize=0 outsize=44 ok=1
Cmd: disassembleShader
  api=4 insize=0 outsize=44 ok=1
Cmd: disassembleShader
  api=5 insize=0 outsize=43 ok=1
Cmd: disassembleShader
  api=4 insize=0 outsize=44 ok=1
Cmd: disassembleShader
  api=4 insize=0 outsize=44 ok=1
Cmd: disassembleShader
  api=5 insize=0 outsize=43 ok=1
Cmd: disassembleShader
  api=4 insize=0 outsize=44 ok=1
Cmd: disassembleShader
  api=4 insize=0 outsize=44 ok=1
Cmd: disassembleShader
  api=5 insize=0 outsize=43 ok=1
Cmd: disassembleShader
  api=4 insize=0 outsize=44 ok=1
Cmd: disassembleShader
  api=4 insize=0 outsize=44 ok=1
Cmd: disassembleShader
  api=5 insize=0 outsize=43 ok=1
Cmd: disassembleShader
  api=4 insize=0 outsize=44 ok=1
Cmd: disassembleShader
  api=4 insize=0 outsize=44 ok=1
Cmd: disassembleShader
  api=5 insize=0 outsize=43 ok=1
Cmd: disassembleShader
  api=4 insize=0 outsize=44 ok=1
Cmd: disassembleShader
  api=4 insize=0 outsize=44 ok=1
Cmd: disassembleShader
  api=5 insize=0 outsize=43 ok=1
Cmd: disassembleShader
  api=4 insize=0 outsize=44 ok=1
Cmd: disassembleShader
  api=4 insize=0 outsize=44 ok=1
Cmd: disassembleShader
  api=5 insize=0 outsize=43 ok=1
Cmd: disassembleShader
  api=4 insize=0 outsize=44 ok=1
Cmd: disassembleShader
  api=4 insize=0 outsize=44 ok=1
Cmd: disassembleShader
  api=4 insize=3372 outsize=3372 ok=1
Cmd: disassembleShader
  api=4 insize=1688 outsize=1688 ok=1
Cmd: disassembleShader
  api=5 insize=1439 outsize=1439 ok=1
Cmd: disassembleShader
  api=5 insize=2652 outsize=2652 ok=1
Cmd: disassembleShader
  api=4 insize=2299 outsize=2299 ok=1
Cmd: disassembleShader
  api=4 insize=0 outsize=44 ok=1
Cmd: disassembleShader
  api=4 insize=0 outsize=44 ok=1
Cmd: disassembleShader
  api=5 insize=0 outsize=43 ok=1
Cmd: disassembleShader
  api=5 insize=0 outsize=43 ok=1
Cmd: disassembleShader
  api=4 insize=0 outsize=44 ok=1
